2021-12-02 08:57:59,330 INFO Connection check task start

2021-12-02 08:57:59,342 INFO Total count =0, sdkCount=0,clusterCount=0, currentLimit=-1, toExpelCount=0

2021-12-02 08:57:59,343 INFO Check over limit for ip limit rule, over limit ip count=0

2021-12-02 08:57:59,344 INFO Out dated connection ,size=0

2021-12-02 08:57:59,345 INFO Connection check task end

2021-12-02 08:58:02,347 INFO Connection check task start

2021-12-02 08:58:02,350 INFO Total count =0, sdkCount=0,clusterCount=0, currentLimit=-1, toExpelCount=0

2021-12-02 08:58:02,351 INFO Check over limit for ip limit rule, over limit ip count=0

2021-12-02 08:58:02,353 INFO Out dated connection ,size=0

2021-12-02 08:58:02,354 INFO Connection check task end

2021-12-02 08:58:05,358 INFO Connection check task start

2021-12-02 08:58:05,362 INFO Total count =0, sdkCount=0,clusterCount=0, currentLimit=-1, toExpelCount=0

2021-12-02 08:58:05,364 INFO Check over limit for ip limit rule, over limit ip count=0

2021-12-02 08:58:05,365 INFO Out dated connection ,size=0

2021-12-02 08:58:05,367 INFO Connection check task end

2021-12-02 08:58:08,368 INFO Connection check task start

2021-12-02 08:58:08,371 INFO Total count =0, sdkCount=0,clusterCount=0, currentLimit=-1, toExpelCount=0

2021-12-02 08:58:08,372 INFO Check over limit for ip limit rule, over limit ip count=0

2021-12-02 08:58:08,373 INFO Out dated connection ,size=0

2021-12-02 08:58:08,374 INFO Connection check task end

2021-12-02 08:58:11,376 INFO Connection check task start

2021-12-02 08:58:11,378 INFO Total count =0, sdkCount=0,clusterCount=0, currentLimit=-1, toExpelCount=0

2021-12-02 08:58:11,380 INFO Check over limit for ip limit rule, over limit ip count=0

2021-12-02 08:58:11,381 INFO Out dated connection ,size=0

2021-12-02 08:58:11,383 INFO Connection check task end

2021-12-02 08:58:14,384 INFO Connection check task start

2021-12-02 08:58:14,387 INFO Total count =0, sdkCount=0,clusterCount=0, currentLimit=-1, toExpelCount=0

2021-12-02 08:58:14,388 INFO Check over limit for ip limit rule, over limit ip count=0

2021-12-02 08:58:14,390 INFO Out dated connection ,size=0

2021-12-02 08:58:14,391 INFO Connection check task end

2021-12-02 08:58:17,393 INFO Connection check task start

2021-12-02 08:58:17,397 INFO Total count =0, sdkCount=0,clusterCount=0, currentLimit=-1, toExpelCount=0

2021-12-02 08:58:17,399 INFO Check over limit for ip limit rule, over limit ip count=0

2021-12-02 08:58:17,399 INFO Out dated connection ,size=0

2021-12-02 08:58:17,401 INFO Connection check task end

2021-12-02 08:58:20,380 INFO Connection check task start

2021-12-02 08:58:20,383 INFO Total count =0, sdkCount=0,clusterCount=0, currentLimit=-1, toExpelCount=0

2021-12-02 08:58:20,384 INFO Check over limit for ip limit rule, over limit ip count=0

2021-12-02 08:58:20,385 INFO Out dated connection ,size=0

2021-12-02 08:58:20,386 INFO Connection check task end

2021-12-02 08:58:23,388 INFO Connection check task start

2021-12-02 08:58:23,391 INFO Total count =0, sdkCount=0,clusterCount=0, currentLimit=-1, toExpelCount=0

2021-12-02 08:58:23,393 INFO Check over limit for ip limit rule, over limit ip count=0

2021-12-02 08:58:23,394 INFO Out dated connection ,size=0

2021-12-02 08:58:23,395 INFO Connection check task end

2021-12-02 08:58:26,400 INFO Connection check task start

2021-12-02 08:58:26,402 INFO Total count =0, sdkCount=0,clusterCount=0, currentLimit=-1, toExpelCount=0

2021-12-02 08:58:26,403 INFO Check over limit for ip limit rule, over limit ip count=0

2021-12-02 08:58:26,404 INFO Out dated connection ,size=0

2021-12-02 08:58:26,405 INFO Connection check task end

2021-12-02 08:58:29,409 INFO Connection check task start

2021-12-02 08:58:29,411 INFO Total count =0, sdkCount=0,clusterCount=0, currentLimit=-1, toExpelCount=0

2021-12-02 08:58:29,414 INFO Check over limit for ip limit rule, over limit ip count=0

2021-12-02 08:58:29,415 INFO Out dated connection ,size=0

2021-12-02 08:58:29,416 INFO Connection check task end

2021-12-02 08:58:32,421 INFO Connection check task start

2021-12-02 08:58:32,425 INFO Total count =0, sdkCount=0,clusterCount=0, currentLimit=-1, toExpelCount=0

2021-12-02 08:58:32,426 INFO Check over limit for ip limit rule, over limit ip count=0

2021-12-02 08:58:32,427 INFO Out dated connection ,size=0

2021-12-02 08:58:32,428 INFO Connection check task end

2021-12-02 08:58:35,430 INFO Connection check task start

2021-12-02 08:58:35,433 INFO Total count =0, sdkCount=0,clusterCount=0, currentLimit=-1, toExpelCount=0

2021-12-02 08:58:35,436 INFO Check over limit for ip limit rule, over limit ip count=0

2021-12-02 08:58:35,437 INFO Out dated connection ,size=0

2021-12-02 08:58:35,439 INFO Connection check task end

2021-12-02 08:58:38,439 INFO Connection check task start

2021-12-02 08:58:38,441 INFO Total count =0, sdkCount=0,clusterCount=0, currentLimit=-1, toExpelCount=0

2021-12-02 08:58:38,442 INFO Check over limit for ip limit rule, over limit ip count=0

2021-12-02 08:58:38,444 INFO Out dated connection ,size=0

2021-12-02 08:58:38,445 INFO Connection check task end

2021-12-02 08:58:41,447 INFO Connection check task start

2021-12-02 08:58:41,450 INFO Total count =0, sdkCount=0,clusterCount=0, currentLimit=-1, toExpelCount=0

2021-12-02 08:58:41,453 INFO Check over limit for ip limit rule, over limit ip count=0

2021-12-02 08:58:41,453 INFO Out dated connection ,size=0

2021-12-02 08:58:41,455 INFO Connection check task end

2021-12-02 08:58:44,456 INFO Connection check task start

2021-12-02 08:58:44,459 INFO Total count =0, sdkCount=0,clusterCount=0, currentLimit=-1, toExpelCount=0

2021-12-02 08:58:44,460 INFO Check over limit for ip limit rule, over limit ip count=0

2021-12-02 08:58:44,461 INFO Out dated connection ,size=0

2021-12-02 08:58:44,462 INFO Connection check task end

2021-12-02 08:58:47,465 INFO Connection check task start

2021-12-02 08:58:47,469 INFO Total count =0, sdkCount=0,clusterCount=0, currentLimit=-1, toExpelCount=0

2021-12-02 08:58:47,472 INFO Check over limit for ip limit rule, over limit ip count=0

2021-12-02 08:58:47,472 INFO Out dated connection ,size=0

2021-12-02 08:58:47,474 INFO Connection check task end

2021-12-02 08:58:50,455 INFO Connection check task start

2021-12-02 08:58:50,459 INFO Total count =0, sdkCount=0,clusterCount=0, currentLimit=-1, toExpelCount=0

2021-12-02 08:58:50,460 INFO Check over limit for ip limit rule, over limit ip count=0

2021-12-02 08:58:50,462 INFO Out dated connection ,size=0

2021-12-02 08:58:50,463 INFO Connection check task end

2021-12-02 08:58:53,464 INFO Connection check task start

2021-12-02 08:58:53,466 INFO Total count =0, sdkCount=0,clusterCount=0, currentLimit=-1, toExpelCount=0

2021-12-02 08:58:53,468 INFO Check over limit for ip limit rule, over limit ip count=0

2021-12-02 08:58:53,469 INFO Out dated connection ,size=0

2021-12-02 08:58:53,471 INFO Connection check task end

2021-12-02 08:58:56,472 INFO Connection check task start

2021-12-02 08:58:56,475 INFO Total count =0, sdkCount=0,clusterCount=0, currentLimit=-1, toExpelCount=0

2021-12-02 08:58:56,476 INFO Check over limit for ip limit rule, over limit ip count=0

2021-12-02 08:58:56,477 INFO Out dated connection ,size=0

2021-12-02 08:58:56,478 INFO Connection check task end

2021-12-02 08:58:59,479 INFO Connection check task start

2021-12-02 08:58:59,481 INFO Total count =0, sdkCount=0,clusterCount=0, currentLimit=-1, toExpelCount=0

2021-12-02 08:58:59,483 INFO Check over limit for ip limit rule, over limit ip count=0

2021-12-02 08:58:59,484 INFO Out dated connection ,size=0

2021-12-02 08:58:59,485 INFO Connection check task end

2021-12-02 08:59:02,487 INFO Connection check task start

2021-12-02 08:59:02,490 INFO Total count =0, sdkCount=0,clusterCount=0, currentLimit=-1, toExpelCount=0

2021-12-02 08:59:02,491 INFO Check over limit for ip limit rule, over limit ip count=0

2021-12-02 08:59:02,493 INFO Out dated connection ,size=0

2021-12-02 08:59:02,494 INFO Connection check task end

2021-12-02 08:59:05,498 INFO Connection check task start

2021-12-02 08:59:05,501 INFO Total count =0, sdkCount=0,clusterCount=0, currentLimit=-1, toExpelCount=0

2021-12-02 08:59:05,503 INFO Check over limit for ip limit rule, over limit ip count=0

2021-12-02 08:59:05,504 INFO Out dated connection ,size=0

2021-12-02 08:59:05,506 INFO Connection check task end

2021-12-02 08:59:08,507 INFO Connection check task start

2021-12-02 08:59:08,511 INFO Total count =0, sdkCount=0,clusterCount=0, currentLimit=-1, toExpelCount=0

2021-12-02 08:59:08,512 INFO Check over limit for ip limit rule, over limit ip count=0

2021-12-02 08:59:08,513 INFO Out dated connection ,size=0

2021-12-02 08:59:08,514 INFO Connection check task end

2021-12-02 08:59:11,515 INFO Connection check task start

2021-12-02 08:59:11,518 INFO Total count =0, sdkCount=0,clusterCount=0, currentLimit=-1, toExpelCount=0

2021-12-02 08:59:11,520 INFO Check over limit for ip limit rule, over limit ip count=0

2021-12-02 08:59:11,521 INFO Out dated connection ,size=0

2021-12-02 08:59:11,522 INFO Connection check task end

2021-12-02 08:59:14,524 INFO Connection check task start

2021-12-02 08:59:14,527 INFO Total count =0, sdkCount=0,clusterCount=0, currentLimit=-1, toExpelCount=0

2021-12-02 08:59:14,528 INFO Check over limit for ip limit rule, over limit ip count=0

2021-12-02 08:59:14,530 INFO Out dated connection ,size=0

2021-12-02 08:59:14,531 INFO Connection check task end

2021-12-02 08:59:17,532 INFO Connection check task start

2021-12-02 08:59:17,534 INFO Total count =0, sdkCount=0,clusterCount=0, currentLimit=-1, toExpelCount=0

2021-12-02 08:59:17,535 INFO Check over limit for ip limit rule, over limit ip count=0

2021-12-02 08:59:17,536 INFO Out dated connection ,size=0

2021-12-02 08:59:17,537 INFO Connection check task end

2021-12-02 08:59:20,518 INFO Connection check task start

2021-12-02 08:59:20,521 INFO Total count =0, sdkCount=0,clusterCount=0, currentLimit=-1, toExpelCount=0

2021-12-02 08:59:20,522 INFO Check over limit for ip limit rule, over limit ip count=0

2021-12-02 08:59:20,523 INFO Out dated connection ,size=0

2021-12-02 08:59:20,524 INFO Connection check task end

2021-12-02 08:59:23,527 INFO Connection check task start

2021-12-02 08:59:23,530 INFO Total count =0, sdkCount=0,clusterCount=0, currentLimit=-1, toExpelCount=0

2021-12-02 08:59:23,532 INFO Check over limit for ip limit rule, over limit ip count=0

2021-12-02 08:59:23,533 INFO Out dated connection ,size=0

2021-12-02 08:59:23,535 INFO Connection check task end

2021-12-02 08:59:26,537 INFO Connection check task start

2021-12-02 08:59:26,541 INFO Total count =0, sdkCount=0,clusterCount=0, currentLimit=-1, toExpelCount=0

2021-12-02 08:59:26,543 INFO Check over limit for ip limit rule, over limit ip count=0

2021-12-02 08:59:26,545 INFO Out dated connection ,size=0

2021-12-02 08:59:26,545 INFO Connection check task end

2021-12-02 08:59:29,547 INFO Connection check task start

2021-12-02 08:59:29,550 INFO Total count =0, sdkCount=0,clusterCount=0, currentLimit=-1, toExpelCount=0

2021-12-02 08:59:29,552 INFO Check over limit for ip limit rule, over limit ip count=0

2021-12-02 08:59:29,553 INFO Out dated connection ,size=0

2021-12-02 08:59:29,555 INFO Connection check task end

2021-12-02 08:59:32,558 INFO Connection check task start

2021-12-02 08:59:32,560 INFO Total count =0, sdkCount=0,clusterCount=0, currentLimit=-1, toExpelCount=0

2021-12-02 08:59:32,561 INFO Check over limit for ip limit rule, over limit ip count=0

2021-12-02 08:59:32,562 INFO Out dated connection ,size=0

2021-12-02 08:59:32,563 INFO Connection check task end

2021-12-02 08:59:35,567 INFO Connection check task start

2021-12-02 08:59:35,570 INFO Total count =0, sdkCount=0,clusterCount=0, currentLimit=-1, toExpelCount=0

2021-12-02 08:59:35,571 INFO Check over limit for ip limit rule, over limit ip count=0

2021-12-02 08:59:35,572 INFO Out dated connection ,size=0

2021-12-02 08:59:35,574 INFO Connection check task end

2021-12-02 08:59:38,580 INFO Connection check task start

2021-12-02 08:59:38,583 INFO Total count =0, sdkCount=0,clusterCount=0, currentLimit=-1, toExpelCount=0

2021-12-02 08:59:38,584 INFO Check over limit for ip limit rule, over limit ip count=0

2021-12-02 08:59:38,586 INFO Out dated connection ,size=0

2021-12-02 08:59:38,587 INFO Connection check task end

2021-12-02 08:59:41,588 INFO Connection check task start

2021-12-02 08:59:41,592 INFO Total count =0, sdkCount=0,clusterCount=0, currentLimit=-1, toExpelCount=0

2021-12-02 08:59:41,594 INFO Check over limit for ip limit rule, over limit ip count=0

2021-12-02 08:59:41,595 INFO Out dated connection ,size=0

2021-12-02 08:59:41,597 INFO Connection check task end

2021-12-02 08:59:44,598 INFO Connection check task start

2021-12-02 08:59:44,602 INFO Total count =0, sdkCount=0,clusterCount=0, currentLimit=-1, toExpelCount=0

2021-12-02 08:59:44,604 INFO Check over limit for ip limit rule, over limit ip count=0

2021-12-02 08:59:44,605 INFO Out dated connection ,size=0

2021-12-02 08:59:44,606 INFO Connection check task end

2021-12-02 08:59:47,608 INFO Connection check task start

2021-12-02 08:59:47,611 INFO Total count =0, sdkCount=0,clusterCount=0, currentLimit=-1, toExpelCount=0

2021-12-02 08:59:47,612 INFO Check over limit for ip limit rule, over limit ip count=0

2021-12-02 08:59:47,613 INFO Out dated connection ,size=0

2021-12-02 08:59:47,615 INFO Connection check task end

2021-12-02 08:59:50,597 INFO Connection check task start

2021-12-02 08:59:50,599 INFO Total count =0, sdkCount=0,clusterCount=0, currentLimit=-1, toExpelCount=0

2021-12-02 08:59:50,600 INFO Check over limit for ip limit rule, over limit ip count=0

2021-12-02 08:59:50,602 INFO Out dated connection ,size=0

2021-12-02 08:59:50,602 INFO Connection check task end

2021-12-02 08:59:53,606 INFO Connection check task start

2021-12-02 08:59:53,609 INFO Total count =0, sdkCount=0,clusterCount=0, currentLimit=-1, toExpelCount=0

2021-12-02 08:59:53,611 INFO Check over limit for ip limit rule, over limit ip count=0

2021-12-02 08:59:53,612 INFO Out dated connection ,size=0

2021-12-02 08:59:53,614 INFO Connection check task end

2021-12-02 08:59:56,617 INFO Connection check task start

2021-12-02 08:59:56,621 INFO Total count =0, sdkCount=0,clusterCount=0, currentLimit=-1, toExpelCount=0

2021-12-02 08:59:56,622 INFO Check over limit for ip limit rule, over limit ip count=0

2021-12-02 08:59:56,646 INFO Out dated connection ,size=0

2021-12-02 08:59:56,647 INFO Connection check task end

2021-12-02 08:59:59,670 INFO Connection check task start

2021-12-02 08:59:59,673 INFO Total count =0, sdkCount=0,clusterCount=0, currentLimit=-1, toExpelCount=0

2021-12-02 08:59:59,675 INFO Check over limit for ip limit rule, over limit ip count=0

2021-12-02 08:59:59,676 INFO Out dated connection ,size=0

2021-12-02 08:59:59,678 INFO Connection check task end

2021-12-02 09:00:02,680 INFO Connection check task start

2021-12-02 09:00:02,683 INFO Total count =0, sdkCount=0,clusterCount=0, currentLimit=-1, toExpelCount=0

2021-12-02 09:00:02,684 INFO Check over limit for ip limit rule, over limit ip count=0

2021-12-02 09:00:02,686 INFO Out dated connection ,size=0

2021-12-02 09:00:02,687 INFO Connection check task end

2021-12-02 09:00:05,690 INFO Connection check task start

2021-12-02 09:00:05,693 INFO Total count =0, sdkCount=0,clusterCount=0, currentLimit=-1, toExpelCount=0

2021-12-02 09:00:05,695 INFO Check over limit for ip limit rule, over limit ip count=0

2021-12-02 09:00:05,696 INFO Out dated connection ,size=0

2021-12-02 09:00:05,698 INFO Connection check task end

2021-12-02 09:00:08,698 INFO Connection check task start

2021-12-02 09:00:08,701 INFO Total count =0, sdkCount=0,clusterCount=0, currentLimit=-1, toExpelCount=0

2021-12-02 09:00:08,702 INFO Check over limit for ip limit rule, over limit ip count=0

2021-12-02 09:00:08,703 INFO Out dated connection ,size=0

2021-12-02 09:00:08,704 INFO Connection check task end

2021-12-02 09:00:11,706 INFO Connection check task start

2021-12-02 09:00:11,708 INFO Total count =0, sdkCount=0,clusterCount=0, currentLimit=-1, toExpelCount=0

2021-12-02 09:00:11,709 INFO Check over limit for ip limit rule, over limit ip count=0

2021-12-02 09:00:11,710 INFO Out dated connection ,size=0

2021-12-02 09:00:11,711 INFO Connection check task end

2021-12-02 09:00:14,714 INFO Connection check task start

2021-12-02 09:00:14,717 INFO Total count =0, sdkCount=0,clusterCount=0, currentLimit=-1, toExpelCount=0

2021-12-02 09:00:14,718 INFO Check over limit for ip limit rule, over limit ip count=0

2021-12-02 09:00:14,720 INFO Out dated connection ,size=0

2021-12-02 09:00:14,721 INFO Connection check task end

2021-12-02 09:00:17,723 INFO Connection check task start

2021-12-02 09:00:17,725 INFO Total count =0, sdkCount=0,clusterCount=0, currentLimit=-1, toExpelCount=0

2021-12-02 09:00:17,725 INFO Check over limit for ip limit rule, over limit ip count=0

2021-12-02 09:00:17,726 INFO Out dated connection ,size=0

2021-12-02 09:00:17,727 INFO Connection check task end

2021-12-02 09:00:20,708 INFO Connection check task start

2021-12-02 09:00:20,710 INFO Total count =0, sdkCount=0,clusterCount=0, currentLimit=-1, toExpelCount=0

2021-12-02 09:00:20,710 INFO Check over limit for ip limit rule, over limit ip count=0

2021-12-02 09:00:20,711 INFO Out dated connection ,size=0

2021-12-02 09:00:20,712 INFO Connection check task end

2021-12-02 09:00:23,714 INFO Connection check task start

2021-12-02 09:00:23,717 INFO Total count =0, sdkCount=0,clusterCount=0, currentLimit=-1, toExpelCount=0

2021-12-02 09:00:23,719 INFO Check over limit for ip limit rule, over limit ip count=0

2021-12-02 09:00:23,720 INFO Out dated connection ,size=0

2021-12-02 09:00:23,721 INFO Connection check task end

2021-12-02 09:00:26,725 INFO Connection check task start

2021-12-02 09:00:26,728 INFO Total count =0, sdkCount=0,clusterCount=0, currentLimit=-1, toExpelCount=0

2021-12-02 09:00:26,728 INFO Check over limit for ip limit rule, over limit ip count=0

2021-12-02 09:00:26,730 INFO Out dated connection ,size=0

2021-12-02 09:00:26,731 INFO Connection check task end

2021-12-02 09:00:29,732 INFO Connection check task start

2021-12-02 09:00:29,733 INFO Total count =0, sdkCount=0,clusterCount=0, currentLimit=-1, toExpelCount=0

2021-12-02 09:00:29,735 INFO Check over limit for ip limit rule, over limit ip count=0

2021-12-02 09:00:29,736 INFO Out dated connection ,size=0

2021-12-02 09:00:29,737 INFO Connection check task end

2021-12-02 09:00:32,738 INFO Connection check task start

2021-12-02 09:00:32,739 INFO Total count =0, sdkCount=0,clusterCount=0, currentLimit=-1, toExpelCount=0

2021-12-02 09:00:32,740 INFO Check over limit for ip limit rule, over limit ip count=0

2021-12-02 09:00:32,741 INFO Out dated connection ,size=0

2021-12-02 09:00:32,742 INFO Connection check task end

2021-12-02 09:00:35,743 INFO Connection check task start

2021-12-02 09:00:35,745 INFO Total count =0, sdkCount=0,clusterCount=0, currentLimit=-1, toExpelCount=0

2021-12-02 09:00:35,747 INFO Check over limit for ip limit rule, over limit ip count=0

2021-12-02 09:00:35,748 INFO Out dated connection ,size=0

2021-12-02 09:00:35,749 INFO Connection check task end

2021-12-02 09:00:38,751 INFO Connection check task start

2021-12-02 09:00:38,754 INFO Total count =0, sdkCount=0,clusterCount=0, currentLimit=-1, toExpelCount=0

2021-12-02 09:00:38,756 INFO Check over limit for ip limit rule, over limit ip count=0

2021-12-02 09:00:38,758 INFO Out dated connection ,size=0

2021-12-02 09:00:38,759 INFO Connection check task end

2021-12-02 09:00:41,760 INFO Connection check task start

2021-12-02 09:00:41,783 INFO Total count =0, sdkCount=0,clusterCount=0, currentLimit=-1, toExpelCount=0

2021-12-02 09:00:41,784 INFO Check over limit for ip limit rule, over limit ip count=0

2021-12-02 09:00:41,785 INFO Out dated connection ,size=0

2021-12-02 09:00:41,787 INFO Connection check task end

2021-12-02 09:00:44,788 INFO Connection check task start

2021-12-02 09:00:44,790 INFO Total count =0, sdkCount=0,clusterCount=0, currentLimit=-1, toExpelCount=0

2021-12-02 09:00:44,791 INFO Check over limit for ip limit rule, over limit ip count=0

2021-12-02 09:00:44,792 INFO Out dated connection ,size=0

2021-12-02 09:00:44,797 INFO Connection check task end

2021-12-02 09:00:47,799 INFO Connection check task start

2021-12-02 09:00:47,801 INFO Total count =0, sdkCount=0,clusterCount=0, currentLimit=-1, toExpelCount=0

2021-12-02 09:00:47,802 INFO Check over limit for ip limit rule, over limit ip count=0

2021-12-02 09:00:47,803 INFO Out dated connection ,size=0

2021-12-02 09:00:47,805 INFO Connection check task end

2021-12-02 09:00:50,783 INFO Connection check task start

2021-12-02 09:00:50,786 INFO Total count =0, sdkCount=0,clusterCount=0, currentLimit=-1, toExpelCount=0

2021-12-02 09:00:50,787 INFO Check over limit for ip limit rule, over limit ip count=0

2021-12-02 09:00:50,789 INFO Out dated connection ,size=0

2021-12-02 09:00:50,790 INFO Connection check task end

2021-12-02 09:00:53,791 INFO Connection check task start

2021-12-02 09:00:53,793 INFO Total count =0, sdkCount=0,clusterCount=0, currentLimit=-1, toExpelCount=0

2021-12-02 09:00:53,795 INFO Check over limit for ip limit rule, over limit ip count=0

2021-12-02 09:00:53,796 INFO Out dated connection ,size=0

2021-12-02 09:00:53,797 INFO Connection check task end

2021-12-02 09:00:56,798 INFO Connection check task start

2021-12-02 09:00:56,800 INFO Total count =0, sdkCount=0,clusterCount=0, currentLimit=-1, toExpelCount=0

2021-12-02 09:00:56,802 INFO Check over limit for ip limit rule, over limit ip count=0

2021-12-02 09:00:56,803 INFO Out dated connection ,size=0

2021-12-02 09:00:56,803 INFO Connection check task end

2021-12-02 09:00:59,805 INFO Connection check task start

2021-12-02 09:00:59,808 INFO Total count =0, sdkCount=0,clusterCount=0, currentLimit=-1, toExpelCount=0

2021-12-02 09:00:59,810 INFO Check over limit for ip limit rule, over limit ip count=0

2021-12-02 09:00:59,811 INFO Out dated connection ,size=0

2021-12-02 09:00:59,812 INFO Connection check task end

2021-12-02 09:01:02,814 INFO Connection check task start

2021-12-02 09:01:02,818 INFO Total count =0, sdkCount=0,clusterCount=0, currentLimit=-1, toExpelCount=0

2021-12-02 09:01:02,819 INFO Check over limit for ip limit rule, over limit ip count=0

2021-12-02 09:01:02,820 INFO Out dated connection ,size=0

2021-12-02 09:01:02,821 INFO Connection check task end

2021-12-02 09:01:05,823 INFO Connection check task start

2021-12-02 09:01:05,825 INFO Total count =0, sdkCount=0,clusterCount=0, currentLimit=-1, toExpelCount=0

2021-12-02 09:01:05,827 INFO Check over limit for ip limit rule, over limit ip count=0

2021-12-02 09:01:05,827 INFO Out dated connection ,size=0

2021-12-02 09:01:05,829 INFO Connection check task end

2021-12-02 09:01:08,830 INFO Connection check task start

2021-12-02 09:01:08,833 INFO Total count =0, sdkCount=0,clusterCount=0, currentLimit=-1, toExpelCount=0

2021-12-02 09:01:08,834 INFO Check over limit for ip limit rule, over limit ip count=0

2021-12-02 09:01:08,835 INFO Out dated connection ,size=0

2021-12-02 09:01:08,836 INFO Connection check task end

2021-12-02 09:01:11,838 INFO Connection check task start

2021-12-02 09:01:11,841 INFO Total count =0, sdkCount=0,clusterCount=0, currentLimit=-1, toExpelCount=0

2021-12-02 09:01:11,843 INFO Check over limit for ip limit rule, over limit ip count=0

2021-12-02 09:01:11,844 INFO Out dated connection ,size=0

2021-12-02 09:01:11,845 INFO Connection check task end

2021-12-02 09:01:14,847 INFO Connection check task start

2021-12-02 09:01:14,849 INFO Total count =0, sdkCount=0,clusterCount=0, currentLimit=-1, toExpelCount=0

2021-12-02 09:01:14,850 INFO Check over limit for ip limit rule, over limit ip count=0

2021-12-02 09:01:14,852 INFO Out dated connection ,size=0

2021-12-02 09:01:14,853 INFO Connection check task end

