2021-08-28 14:24:15 INFO main - rocketmqHome=/home/rocketmq/rocketmq-4.8.0
2021-08-28 14:24:15 INFO main - namesrvAddr=rmqnamesrv:9876
2021-08-28 14:24:15 INFO main - brokerIP1=172.30.1.4
2021-08-28 14:24:15 INFO main - brokerIP2=172.30.1.4
2021-08-28 14:24:15 INFO main - brokerName=broker-a
2021-08-28 14:24:15 INFO main - brokerClusterName=DefaultCluster
2021-08-28 14:24:15 INFO main - brokerId=0
2021-08-28 14:24:15 INFO main - brokerPermission=6
2021-08-28 14:24:15 INFO main - defaultTopicQueueNums=4
2021-08-28 14:24:15 INFO main - autoCreateTopicEnable=true
2021-08-28 14:24:15 INFO main - clusterTopicEnable=true
2021-08-28 14:24:15 INFO main - brokerTopicEnable=true
2021-08-28 14:24:15 INFO main - autoCreateSubscriptionGroup=true
2021-08-28 14:24:15 INFO main - messageStorePlugIn=
2021-08-28 14:24:15 INFO main - msgTraceTopicName=RMQ_SYS_TRACE_TOPIC
2021-08-28 14:24:15 INFO main - traceTopicEnable=false
2021-08-28 14:24:15 INFO main - sendMessageThreadPoolNums=1
2021-08-28 14:24:15 INFO main - pullMessageThreadPoolNums=20
2021-08-28 14:24:15 INFO main - processReplyMessageThreadPoolNums=20
2021-08-28 14:24:15 INFO main - queryMessageThreadPoolNums=10
2021-08-28 14:24:15 INFO main - adminBrokerThreadPoolNums=16
2021-08-28 14:24:15 INFO main - clientManageThreadPoolNums=32
2021-08-28 14:24:15 INFO main - consumerManageThreadPoolNums=32
2021-08-28 14:24:15 INFO main - heartbeatThreadPoolNums=2
2021-08-28 14:24:15 INFO main - endTransactionThreadPoolNums=12
2021-08-28 14:24:15 INFO main - flushConsumerOffsetInterval=5000
2021-08-28 14:24:15 INFO main - flushConsumerOffsetHistoryInterval=60000
2021-08-28 14:24:15 INFO main - rejectTransactionMessage=false
2021-08-28 14:24:15 INFO main - fetchNamesrvAddrByAddressServer=false
2021-08-28 14:24:15 INFO main - sendThreadPoolQueueCapacity=10000
2021-08-28 14:24:15 INFO main - pullThreadPoolQueueCapacity=100000
2021-08-28 14:24:15 INFO main - replyThreadPoolQueueCapacity=10000
2021-08-28 14:24:15 INFO main - queryThreadPoolQueueCapacity=20000
2021-08-28 14:24:15 INFO main - clientManagerThreadPoolQueueCapacity=1000000
2021-08-28 14:24:15 INFO main - consumerManagerThreadPoolQueueCapacity=1000000
2021-08-28 14:24:15 INFO main - heartbeatThreadPoolQueueCapacity=50000
2021-08-28 14:24:15 INFO main - endTransactionPoolQueueCapacity=100000
2021-08-28 14:24:15 INFO main - filterServerNums=0
2021-08-28 14:24:15 INFO main - longPollingEnable=true
2021-08-28 14:24:15 INFO main - shortPollingTimeMills=1000
2021-08-28 14:24:15 INFO main - notifyConsumerIdsChangedEnable=true
2021-08-28 14:24:15 INFO main - highSpeedMode=false
2021-08-28 14:24:15 INFO main - commercialEnable=true
2021-08-28 14:24:15 INFO main - commercialTimerCount=1
2021-08-28 14:24:15 INFO main - commercialTransCount=1
2021-08-28 14:24:15 INFO main - commercialBigCount=1
2021-08-28 14:24:15 INFO main - commercialBaseCount=1
2021-08-28 14:24:15 INFO main - transferMsgByHeap=true
2021-08-28 14:24:15 INFO main - maxDelayTime=40
2021-08-28 14:24:15 INFO main - regionId=DefaultRegion
2021-08-28 14:24:15 INFO main - registerBrokerTimeoutMills=6000
2021-08-28 14:24:15 INFO main - slaveReadEnable=false
2021-08-28 14:24:15 INFO main - disableConsumeIfConsumerReadSlowly=false
2021-08-28 14:24:15 INFO main - consumerFallbehindThreshold=17179869184
2021-08-28 14:24:15 INFO main - brokerFastFailureEnable=true
2021-08-28 14:24:15 INFO main - waitTimeMillsInSendQueue=200
2021-08-28 14:24:15 INFO main - waitTimeMillsInPullQueue=5000
2021-08-28 14:24:15 INFO main - waitTimeMillsInHeartbeatQueue=31000
2021-08-28 14:24:15 INFO main - waitTimeMillsInTransactionQueue=3000
2021-08-28 14:24:15 INFO main - startAcceptSendRequestTimeStamp=0
2021-08-28 14:24:15 INFO main - traceOn=true
2021-08-28 14:24:15 INFO main - enableCalcFilterBitMap=false
2021-08-28 14:24:15 INFO main - expectConsumerNumUseFilter=32
2021-08-28 14:24:15 INFO main - maxErrorRateOfBloomFilter=20
2021-08-28 14:24:15 INFO main - filterDataCleanTimeSpan=86400000
2021-08-28 14:24:15 INFO main - filterSupportRetry=false
2021-08-28 14:24:15 INFO main - enablePropertyFilter=false
2021-08-28 14:24:15 INFO main - compressedRegister=false
2021-08-28 14:24:15 INFO main - forceRegister=true
2021-08-28 14:24:15 INFO main - registerNameServerPeriod=30000
2021-08-28 14:24:15 INFO main - transactionTimeOut=6000
2021-08-28 14:24:15 INFO main - transactionCheckMax=15
2021-08-28 14:24:15 INFO main - transactionCheckInterval=60000
2021-08-28 14:24:15 INFO main - aclEnable=false
2021-08-28 14:24:15 INFO main - storeReplyMessageEnable=true
2021-08-28 14:24:15 INFO main - autoDeleteUnusedStats=false
2021-08-28 14:24:15 INFO main - listenPort=10911
2021-08-28 14:24:15 INFO main - serverWorkerThreads=8
2021-08-28 14:24:15 INFO main - serverCallbackExecutorThreads=0
2021-08-28 14:24:15 INFO main - serverSelectorThreads=3
2021-08-28 14:24:15 INFO main - serverOnewaySemaphoreValue=256
2021-08-28 14:24:15 INFO main - serverAsyncSemaphoreValue=64
2021-08-28 14:24:15 INFO main - serverChannelMaxIdleTimeSeconds=120
2021-08-28 14:24:15 INFO main - serverSocketSndBufSize=131072
2021-08-28 14:24:15 INFO main - serverSocketRcvBufSize=131072
2021-08-28 14:24:15 INFO main - serverPooledByteBufAllocatorEnable=true
2021-08-28 14:24:15 INFO main - useEpollNativeSelector=false
2021-08-28 14:24:15 INFO main - clientWorkerThreads=4
2021-08-28 14:24:15 INFO main - clientCallbackExecutorThreads=2
2021-08-28 14:24:15 INFO main - clientOnewaySemaphoreValue=65535
2021-08-28 14:24:15 INFO main - clientAsyncSemaphoreValue=65535
2021-08-28 14:24:15 INFO main - connectTimeoutMillis=3000
2021-08-28 14:24:15 INFO main - channelNotActiveInterval=60000
2021-08-28 14:24:15 INFO main - clientChannelMaxIdleTimeSeconds=120
2021-08-28 14:24:15 INFO main - clientSocketSndBufSize=131072
2021-08-28 14:24:15 INFO main - clientSocketRcvBufSize=131072
2021-08-28 14:24:15 INFO main - clientPooledByteBufAllocatorEnable=false
2021-08-28 14:24:15 INFO main - clientCloseSocketIfTimeout=false
2021-08-28 14:24:15 INFO main - useTLS=false
2021-08-28 14:24:15 INFO main - storePathRootDir=/home/rocketmq/store
2021-08-28 14:24:15 INFO main - storePathCommitLog=/home/rocketmq/store/commitlog
2021-08-28 14:24:15 INFO main - mappedFileSizeCommitLog=1073741824
2021-08-28 14:24:15 INFO main - mappedFileSizeConsumeQueue=6000000
2021-08-28 14:24:15 INFO main - enableConsumeQueueExt=false
2021-08-28 14:24:15 INFO main - mappedFileSizeConsumeQueueExt=50331648
2021-08-28 14:24:15 INFO main - bitMapLengthConsumeQueueExt=64
2021-08-28 14:24:15 INFO main - flushIntervalCommitLog=500
2021-08-28 14:24:15 INFO main - commitIntervalCommitLog=200
2021-08-28 14:24:15 INFO main - useReentrantLockWhenPutMessage=false
2021-08-28 14:24:15 INFO main - flushCommitLogTimed=false
2021-08-28 14:24:15 INFO main - flushIntervalConsumeQueue=1000
2021-08-28 14:24:15 INFO main - cleanResourceInterval=10000
2021-08-28 14:24:15 INFO main - deleteCommitLogFilesInterval=100
2021-08-28 14:24:15 INFO main - deleteConsumeQueueFilesInterval=100
2021-08-28 14:24:15 INFO main - destroyMapedFileIntervalForcibly=120000
2021-08-28 14:24:15 INFO main - redeleteHangedFileInterval=120000
2021-08-28 14:24:15 INFO main - deleteWhen=04
2021-08-28 14:24:15 INFO main - diskMaxUsedSpaceRatio=88
2021-08-28 14:24:15 INFO main - fileReservedTime=120
2021-08-28 14:24:15 INFO main - putMsgIndexHightWater=600000
2021-08-28 14:24:15 INFO main - maxMessageSize=65536
2021-08-28 14:24:15 INFO main - checkCRCOnRecover=true
2021-08-28 14:24:15 INFO main - flushCommitLogLeastPages=4
2021-08-28 14:24:15 INFO main - commitCommitLogLeastPages=4
2021-08-28 14:24:15 INFO main - flushLeastPagesWhenWarmMapedFile=4096
2021-08-28 14:24:15 INFO main - flushConsumeQueueLeastPages=2
2021-08-28 14:24:15 INFO main - flushCommitLogThoroughInterval=10000
2021-08-28 14:24:15 INFO main - commitCommitLogThoroughInterval=200
2021-08-28 14:24:15 INFO main - flushConsumeQueueThoroughInterval=60000
2021-08-28 14:24:15 INFO main - maxTransferBytesOnMessageInMemory=262144
2021-08-28 14:24:15 INFO main - maxTransferCountOnMessageInMemory=32
2021-08-28 14:24:15 INFO main - maxTransferBytesOnMessageInDisk=65536
2021-08-28 14:24:15 INFO main - maxTransferCountOnMessageInDisk=8
2021-08-28 14:24:15 INFO main - accessMessageInMemoryMaxRatio=40
2021-08-28 14:24:15 INFO main - messageIndexEnable=true
2021-08-28 14:24:15 INFO main - maxHashSlotNum=5000000
2021-08-28 14:24:15 INFO main - maxIndexNum=20000000
2021-08-28 14:24:15 INFO main - maxMsgsNumBatch=64
2021-08-28 14:24:15 INFO main - messageIndexSafe=false
2021-08-28 14:24:15 INFO main - haListenPort=10912
2021-08-28 14:24:15 INFO main - haSendHeartbeatInterval=5000
2021-08-28 14:24:15 INFO main - haHousekeepingInterval=20000
2021-08-28 14:24:15 INFO main - haTransferBatchSize=32768
2021-08-28 14:24:15 INFO main - haMasterAddress=
2021-08-28 14:24:15 INFO main - haSlaveFallbehindMax=268435456
2021-08-28 14:24:15 INFO main - brokerRole=ASYNC_MASTER
2021-08-28 14:24:15 INFO main - flushDiskType=ASYNC_FLUSH
2021-08-28 14:24:15 INFO main - syncFlushTimeout=5000
2021-08-28 14:24:15 INFO main - messageDelayLevel=1s 5s 10s 30s 1m 2m 3m 4m 5m 6m 7m 8m 9m 10m 20m 30m 1h 2h
2021-08-28 14:24:15 INFO main - flushDelayOffsetInterval=10000
2021-08-28 14:24:15 INFO main - cleanFileForciblyEnable=true
2021-08-28 14:24:15 INFO main - warmMapedFileEnable=false
2021-08-28 14:24:15 INFO main - offsetCheckInSlave=false
2021-08-28 14:24:15 INFO main - debugLockEnable=false
2021-08-28 14:24:15 INFO main - duplicationEnable=false
2021-08-28 14:24:15 INFO main - diskFallRecorded=true
2021-08-28 14:24:15 INFO main - osPageCacheBusyTimeOutMills=1000
2021-08-28 14:24:15 INFO main - defaultQueryMaxNum=32
2021-08-28 14:24:15 INFO main - transientStorePoolEnable=false
2021-08-28 14:24:15 INFO main - transientStorePoolSize=5
2021-08-28 14:24:15 INFO main - fastFailIfNoBufferInStorePool=false
2021-08-28 14:24:15 INFO main - enableDLegerCommitLog=false
2021-08-28 14:24:15 INFO main - dLegerGroup=
2021-08-28 14:24:15 INFO main - dLegerPeers=
2021-08-28 14:24:15 INFO main - dLegerSelfId=
2021-08-28 14:24:15 INFO main - preferredLeaderId=
2021-08-28 14:24:15 INFO main - isEnableBatchPush=false
2021-08-28 14:24:19 INFO main - Try to start service thread:AllocateMappedFileService started:false lastThread:null
2021-08-28 14:24:23 INFO main - Set user specified name server address: rmqnamesrv:9876
2021-08-28 14:24:23 WARN main - Load default transaction message hook service: TransactionalMessageServiceImpl
2021-08-28 14:24:23 WARN main - Load default discard message hook service: DefaultTransactionalMessageCheckListener
2021-08-28 14:24:23 INFO main - The broker dose not enable acl
2021-08-28 14:24:24 INFO main - Try to start service thread:ReputMessageService started:false lastThread:null
2021-08-28 14:24:24 INFO main - Try to start service thread:AcceptSocketService started:false lastThread:null
2021-08-28 14:24:24 INFO main - Try to start service thread:GroupTransferService started:false lastThread:null
2021-08-28 14:24:24 INFO main - Try to start service thread:HAClient started:false lastThread:null
2021-08-28 14:24:24 INFO main - Try to start service thread:FlushConsumeQueueService started:false lastThread:null
2021-08-28 14:24:24 INFO main - Try to start service thread:FlushRealTimeService started:false lastThread:null
2021-08-28 14:24:24 INFO main - Try to start service thread:StoreStatsService started:false lastThread:null
2021-08-28 14:24:25 INFO main - Try to start service thread:FileWatchService started:false lastThread:null
2021-08-28 14:24:25 INFO FileWatchService - FileWatchService service started
2021-08-28 14:24:25 INFO main - Try to start service thread:PullRequestHoldService started:false lastThread:null
2021-08-28 14:24:25 INFO PullRequestHoldService - PullRequestHoldService service started
2021-08-28 14:24:25 INFO main - Try to start service thread:TransactionalMessageCheckService started:false lastThread:null
2021-08-28 14:24:25 ERROR DiskCheckScheduledThread1 - Error when measuring disk space usage, file doesn't exist on this path: /home/rocketmq/store/commitlog
2021-08-28 14:24:26 INFO brokerOutApi_thread_1 - register broker[0]to name server rmqnamesrv:9876 OK
2021-08-28 14:24:26 INFO main - The broker[broker-a, 172.30.1.4:10911] boot success. serializeType=JSON and name server is rmqnamesrv:9876
2021-08-28 14:24:33 INFO BrokerControllerScheduledThread1 - dispatch behind commit log 0 bytes
2021-08-28 14:24:33 INFO BrokerControllerScheduledThread1 - Slave fall behind master: 0 bytes
2021-08-28 14:24:35 ERROR DiskCheckScheduledThread1 - Error when measuring disk space usage, file doesn't exist on this path: /home/rocketmq/store/commitlog
2021-08-28 14:24:36 INFO brokerOutApi_thread_2 - register broker[0]to name server rmqnamesrv:9876 OK
2021-08-28 14:24:45 ERROR DiskCheckScheduledThread1 - Error when measuring disk space usage, file doesn't exist on this path: /home/rocketmq/store/commitlog
2021-08-28 14:24:55 ERROR DiskCheckScheduledThread1 - Error when measuring disk space usage, file doesn't exist on this path: /home/rocketmq/store/commitlog
2021-08-28 14:25:01 ERROR AdminBrokerThread_1 - Error when measuring disk space usage, file doesn't exist on this path: /home/rocketmq/store/commitlog
2021-08-28 14:25:01 ERROR AdminBrokerThread_1 - Error when measuring disk space usage, file doesn't exist on this path: /home/rocketmq/store/consumequeue
2021-08-28 14:25:05 ERROR DiskCheckScheduledThread1 - Error when measuring disk space usage, file doesn't exist on this path: /home/rocketmq/store/commitlog
2021-08-28 14:25:06 INFO brokerOutApi_thread_3 - register broker[0]to name server rmqnamesrv:9876 OK
2021-08-28 14:25:15 ERROR DiskCheckScheduledThread1 - Error when measuring disk space usage, file doesn't exist on this path: /home/rocketmq/store/commitlog
2021-08-28 14:25:24 ERROR StoreScheduledThread1 - Error when measuring disk space usage, file doesn't exist on this path: /home/rocketmq/store/commitlog
2021-08-28 14:25:25 INFO TransactionalMessageCheckService - create new topic TopicConfig [topicName=RMQ_SYS_TRANS_HALF_TOPIC, readQueueNums=1, writeQueueNums=1, perm=RW-, topicFilterType=SINGLE_TAG, topicSysFlag=0, order=false]
2021-08-28 14:25:25 INFO brokerOutApi_thread_4 - register broker[0]to name server rmqnamesrv:9876 OK
2021-08-28 14:25:25 ERROR DiskCheckScheduledThread1 - Error when measuring disk space usage, file doesn't exist on this path: /home/rocketmq/store/commitlog
2021-08-28 14:25:33 INFO BrokerControllerScheduledThread1 - dispatch behind commit log 0 bytes
2021-08-28 14:25:33 INFO BrokerControllerScheduledThread1 - Slave fall behind master: 0 bytes
2021-08-28 14:25:34 ERROR StoreScheduledThread1 - Error when measuring disk space usage, file doesn't exist on this path: /home/rocketmq/store/commitlog
2021-08-28 14:25:35 ERROR DiskCheckScheduledThread1 - Error when measuring disk space usage, file doesn't exist on this path: /home/rocketmq/store/commitlog
2021-08-28 14:25:36 INFO brokerOutApi_thread_1 - register broker[0]to name server rmqnamesrv:9876 OK
2021-08-28 14:25:44 ERROR StoreScheduledThread1 - Error when measuring disk space usage, file doesn't exist on this path: /home/rocketmq/store/commitlog
2021-08-28 14:25:45 ERROR DiskCheckScheduledThread1 - Error when measuring disk space usage, file doesn't exist on this path: /home/rocketmq/store/commitlog
2021-08-28 14:25:54 ERROR StoreScheduledThread1 - Error when measuring disk space usage, file doesn't exist on this path: /home/rocketmq/store/commitlog
2021-08-28 14:25:55 ERROR DiskCheckScheduledThread1 - Error when measuring disk space usage, file doesn't exist on this path: /home/rocketmq/store/commitlog
2021-08-28 14:26:00 ERROR AdminBrokerThread_11 - Error when measuring disk space usage, file doesn't exist on this path: /home/rocketmq/store/commitlog
2021-08-28 14:26:00 ERROR AdminBrokerThread_11 - Error when measuring disk space usage, file doesn't exist on this path: /home/rocketmq/store/consumequeue
2021-08-28 14:26:04 ERROR StoreScheduledThread1 - Error when measuring disk space usage, file doesn't exist on this path: /home/rocketmq/store/commitlog
2021-08-28 14:26:05 ERROR DiskCheckScheduledThread1 - Error when measuring disk space usage, file doesn't exist on this path: /home/rocketmq/store/commitlog
2021-08-28 14:26:06 INFO brokerOutApi_thread_2 - register broker[0]to name server rmqnamesrv:9876 OK
2021-08-28 14:26:14 ERROR StoreScheduledThread1 - Error when measuring disk space usage, file doesn't exist on this path: /home/rocketmq/store/commitlog
2021-08-28 14:26:15 ERROR DiskCheckScheduledThread1 - Error when measuring disk space usage, file doesn't exist on this path: /home/rocketmq/store/commitlog
2021-08-28 14:26:24 ERROR StoreScheduledThread1 - Error when measuring disk space usage, file doesn't exist on this path: /home/rocketmq/store/commitlog
2021-08-28 14:26:25 ERROR DiskCheckScheduledThread1 - Error when measuring disk space usage, file doesn't exist on this path: /home/rocketmq/store/commitlog
2021-08-28 14:26:33 INFO BrokerControllerScheduledThread1 - dispatch behind commit log 0 bytes
2021-08-28 14:26:33 INFO BrokerControllerScheduledThread1 - Slave fall behind master: 0 bytes
2021-08-28 14:26:34 ERROR StoreScheduledThread1 - Error when measuring disk space usage, file doesn't exist on this path: /home/rocketmq/store/commitlog
2021-08-28 14:26:35 ERROR DiskCheckScheduledThread1 - Error when measuring disk space usage, file doesn't exist on this path: /home/rocketmq/store/commitlog
2021-08-28 14:26:36 INFO brokerOutApi_thread_3 - register broker[0]to name server rmqnamesrv:9876 OK
2021-08-28 14:26:44 ERROR StoreScheduledThread1 - Error when measuring disk space usage, file doesn't exist on this path: /home/rocketmq/store/commitlog
2021-08-28 14:26:45 ERROR DiskCheckScheduledThread1 - Error when measuring disk space usage, file doesn't exist on this path: /home/rocketmq/store/commitlog
2021-08-28 14:26:54 ERROR StoreScheduledThread1 - Error when measuring disk space usage, file doesn't exist on this path: /home/rocketmq/store/commitlog
2021-08-28 14:26:55 ERROR DiskCheckScheduledThread1 - Error when measuring disk space usage, file doesn't exist on this path: /home/rocketmq/store/commitlog
2021-08-28 14:27:00 ERROR AdminBrokerThread_5 - Error when measuring disk space usage, file doesn't exist on this path: /home/rocketmq/store/commitlog
2021-08-28 14:27:00 ERROR AdminBrokerThread_5 - Error when measuring disk space usage, file doesn't exist on this path: /home/rocketmq/store/consumequeue
2021-08-28 14:27:04 ERROR StoreScheduledThread1 - Error when measuring disk space usage, file doesn't exist on this path: /home/rocketmq/store/commitlog
2021-08-28 14:27:05 ERROR DiskCheckScheduledThread1 - Error when measuring disk space usage, file doesn't exist on this path: /home/rocketmq/store/commitlog
2021-08-28 14:27:06 INFO brokerOutApi_thread_4 - register broker[0]to name server rmqnamesrv:9876 OK
2021-08-28 14:27:14 ERROR StoreScheduledThread1 - Error when measuring disk space usage, file doesn't exist on this path: /home/rocketmq/store/commitlog
2021-08-28 14:27:15 ERROR DiskCheckScheduledThread1 - Error when measuring disk space usage, file doesn't exist on this path: /home/rocketmq/store/commitlog
2021-08-28 14:27:24 ERROR StoreScheduledThread1 - Error when measuring disk space usage, file doesn't exist on this path: /home/rocketmq/store/commitlog
2021-08-28 14:27:25 ERROR DiskCheckScheduledThread1 - Error when measuring disk space usage, file doesn't exist on this path: /home/rocketmq/store/commitlog
2021-08-28 14:27:33 INFO BrokerControllerScheduledThread1 - dispatch behind commit log 0 bytes
2021-08-28 14:27:33 INFO BrokerControllerScheduledThread1 - Slave fall behind master: 0 bytes
2021-08-28 14:27:34 ERROR StoreScheduledThread1 - Error when measuring disk space usage, file doesn't exist on this path: /home/rocketmq/store/commitlog
2021-08-28 14:27:35 ERROR DiskCheckScheduledThread1 - Error when measuring disk space usage, file doesn't exist on this path: /home/rocketmq/store/commitlog
2021-08-28 14:27:36 INFO brokerOutApi_thread_1 - register broker[0]to name server rmqnamesrv:9876 OK
2021-08-28 14:27:44 ERROR StoreScheduledThread1 - Error when measuring disk space usage, file doesn't exist on this path: /home/rocketmq/store/commitlog
2021-08-28 14:27:45 ERROR DiskCheckScheduledThread1 - Error when measuring disk space usage, file doesn't exist on this path: /home/rocketmq/store/commitlog
2021-08-28 14:27:54 ERROR StoreScheduledThread1 - Error when measuring disk space usage, file doesn't exist on this path: /home/rocketmq/store/commitlog
2021-08-28 14:27:55 ERROR DiskCheckScheduledThread1 - Error when measuring disk space usage, file doesn't exist on this path: /home/rocketmq/store/commitlog
2021-08-28 14:28:00 ERROR AdminBrokerThread_15 - Error when measuring disk space usage, file doesn't exist on this path: /home/rocketmq/store/commitlog
2021-08-28 14:28:00 ERROR AdminBrokerThread_15 - Error when measuring disk space usage, file doesn't exist on this path: /home/rocketmq/store/consumequeue
2021-08-28 14:28:04 ERROR StoreScheduledThread1 - Error when measuring disk space usage, file doesn't exist on this path: /home/rocketmq/store/commitlog
2021-08-28 14:28:05 ERROR DiskCheckScheduledThread1 - Error when measuring disk space usage, file doesn't exist on this path: /home/rocketmq/store/commitlog
2021-08-28 14:28:06 INFO brokerOutApi_thread_2 - register broker[0]to name server rmqnamesrv:9876 OK
2021-08-28 14:28:14 ERROR StoreScheduledThread1 - Error when measuring disk space usage, file doesn't exist on this path: /home/rocketmq/store/commitlog
2021-08-28 14:28:15 ERROR DiskCheckScheduledThread1 - Error when measuring disk space usage, file doesn't exist on this path: /home/rocketmq/store/commitlog
2021-08-28 14:28:24 ERROR StoreScheduledThread1 - Error when measuring disk space usage, file doesn't exist on this path: /home/rocketmq/store/commitlog
2021-08-28 14:28:25 ERROR DiskCheckScheduledThread1 - Error when measuring disk space usage, file doesn't exist on this path: /home/rocketmq/store/commitlog
2021-08-28 14:28:33 INFO BrokerControllerScheduledThread1 - dispatch behind commit log 0 bytes
2021-08-28 14:28:33 INFO BrokerControllerScheduledThread1 - Slave fall behind master: 0 bytes
2021-08-28 14:28:34 ERROR StoreScheduledThread1 - Error when measuring disk space usage, file doesn't exist on this path: /home/rocketmq/store/commitlog
2021-08-28 14:28:35 ERROR DiskCheckScheduledThread1 - Error when measuring disk space usage, file doesn't exist on this path: /home/rocketmq/store/commitlog
2021-08-28 14:28:38 INFO brokerOutApi_thread_3 - register broker[0]to name server rmqnamesrv:9876 OK
2021-08-28 14:28:44 ERROR StoreScheduledThread1 - Error when measuring disk space usage, file doesn't exist on this path: /home/rocketmq/store/commitlog
2021-08-28 14:28:45 ERROR DiskCheckScheduledThread1 - Error when measuring disk space usage, file doesn't exist on this path: /home/rocketmq/store/commitlog
2021-08-28 14:28:54 ERROR StoreScheduledThread1 - Error when measuring disk space usage, file doesn't exist on this path: /home/rocketmq/store/commitlog
2021-08-28 14:28:55 ERROR DiskCheckScheduledThread1 - Error when measuring disk space usage, file doesn't exist on this path: /home/rocketmq/store/commitlog
2021-08-28 14:29:06 ERROR DiskCheckScheduledThread1 - Error when measuring disk space usage, file doesn't exist on this path: /home/rocketmq/store/commitlog
2021-08-28 14:29:08 ERROR StoreScheduledThread1 - Error when measuring disk space usage, file doesn't exist on this path: /home/rocketmq/store/commitlog
2021-08-28 14:29:14 ERROR StoreScheduledThread1 - Error when measuring disk space usage, file doesn't exist on this path: /home/rocketmq/store/commitlog
2021-08-28 14:29:14 INFO brokerOutApi_thread_4 - register broker[0]to name server rmqnamesrv:9876 OK
2021-08-28 14:30:07 ERROR DiskCheckScheduledThread1 - Error when measuring disk space usage, file doesn't exist on this path: /home/rocketmq/store/commitlog
2021-08-28 14:30:14 ERROR StoreScheduledThread1 - Error when measuring disk space usage, file doesn't exist on this path: /home/rocketmq/store/commitlog
2021-08-28 14:30:15 ERROR DiskCheckScheduledThread1 - Error when measuring disk space usage, file doesn't exist on this path: /home/rocketmq/store/commitlog
2021-08-28 14:30:16 ERROR AdminBrokerThread_9 - Error when measuring disk space usage, file doesn't exist on this path: /home/rocketmq/store/commitlog
2021-08-28 14:30:16 ERROR AdminBrokerThread_9 - Error when measuring disk space usage, file doesn't exist on this path: /home/rocketmq/store/consumequeue
2021-08-28 14:30:23 INFO BrokerControllerScheduledThread1 - dispatch behind commit log 0 bytes
2021-08-28 14:30:23 INFO BrokerControllerScheduledThread1 - Slave fall behind master: 0 bytes
2021-08-28 14:30:24 ERROR StoreScheduledThread1 - Error when measuring disk space usage, file doesn't exist on this path: /home/rocketmq/store/commitlog
2021-08-28 14:30:25 ERROR DiskCheckScheduledThread1 - Error when measuring disk space usage, file doesn't exist on this path: /home/rocketmq/store/commitlog
2021-08-28 14:30:26 INFO brokerOutApi_thread_1 - register broker[0]to name server rmqnamesrv:9876 OK
2021-08-28 14:30:34 ERROR StoreScheduledThread1 - Error when measuring disk space usage, file doesn't exist on this path: /home/rocketmq/store/commitlog
2021-08-28 14:30:35 ERROR DiskCheckScheduledThread1 - Error when measuring disk space usage, file doesn't exist on this path: /home/rocketmq/store/commitlog
2021-08-28 14:30:44 ERROR StoreScheduledThread1 - Error when measuring disk space usage, file doesn't exist on this path: /home/rocketmq/store/commitlog
2021-08-28 14:30:45 ERROR DiskCheckScheduledThread1 - Error when measuring disk space usage, file doesn't exist on this path: /home/rocketmq/store/commitlog
2021-08-28 14:30:54 ERROR StoreScheduledThread1 - Error when measuring disk space usage, file doesn't exist on this path: /home/rocketmq/store/commitlog
2021-08-28 14:30:55 ERROR DiskCheckScheduledThread1 - Error when measuring disk space usage, file doesn't exist on this path: /home/rocketmq/store/commitlog
2021-08-28 14:30:56 INFO brokerOutApi_thread_2 - register broker[0]to name server rmqnamesrv:9876 OK
2021-08-28 14:30:59 ERROR AdminBrokerThread_12 - Error when measuring disk space usage, file doesn't exist on this path: /home/rocketmq/store/commitlog
2021-08-28 14:30:59 ERROR AdminBrokerThread_12 - Error when measuring disk space usage, file doesn't exist on this path: /home/rocketmq/store/consumequeue
2021-08-28 14:31:04 ERROR StoreScheduledThread1 - Error when measuring disk space usage, file doesn't exist on this path: /home/rocketmq/store/commitlog
2021-08-28 14:31:05 ERROR DiskCheckScheduledThread1 - Error when measuring disk space usage, file doesn't exist on this path: /home/rocketmq/store/commitlog
2021-08-28 14:31:13 ERROR StoreScheduledThread1 - Error when measuring disk space usage, file doesn't exist on this path: /home/rocketmq/store/commitlog
2021-08-28 14:31:14 ERROR DiskCheckScheduledThread1 - Error when measuring disk space usage, file doesn't exist on this path: /home/rocketmq/store/commitlog
2021-08-28 14:31:23 INFO BrokerControllerScheduledThread1 - dispatch behind commit log 0 bytes
2021-08-28 14:31:23 INFO BrokerControllerScheduledThread1 - Slave fall behind master: 0 bytes
2021-08-28 14:31:23 ERROR StoreScheduledThread1 - Error when measuring disk space usage, file doesn't exist on this path: /home/rocketmq/store/commitlog
2021-08-28 14:31:24 ERROR DiskCheckScheduledThread1 - Error when measuring disk space usage, file doesn't exist on this path: /home/rocketmq/store/commitlog
2021-08-28 14:31:26 INFO brokerOutApi_thread_3 - register broker[0]to name server rmqnamesrv:9876 OK
2021-08-28 14:31:33 ERROR StoreScheduledThread1 - Error when measuring disk space usage, file doesn't exist on this path: /home/rocketmq/store/commitlog
2021-08-28 14:31:34 ERROR DiskCheckScheduledThread1 - Error when measuring disk space usage, file doesn't exist on this path: /home/rocketmq/store/commitlog
2021-08-28 14:31:43 ERROR StoreScheduledThread1 - Error when measuring disk space usage, file doesn't exist on this path: /home/rocketmq/store/commitlog
2021-08-28 14:31:44 ERROR DiskCheckScheduledThread1 - Error when measuring disk space usage, file doesn't exist on this path: /home/rocketmq/store/commitlog
2021-08-28 14:31:53 ERROR StoreScheduledThread1 - Error when measuring disk space usage, file doesn't exist on this path: /home/rocketmq/store/commitlog
2021-08-28 14:31:54 ERROR DiskCheckScheduledThread1 - Error when measuring disk space usage, file doesn't exist on this path: /home/rocketmq/store/commitlog
2021-08-28 14:31:56 INFO brokerOutApi_thread_4 - register broker[0]to name server rmqnamesrv:9876 OK
2021-08-28 14:32:00 ERROR AdminBrokerThread_6 - Error when measuring disk space usage, file doesn't exist on this path: /home/rocketmq/store/commitlog
2021-08-28 14:32:00 ERROR AdminBrokerThread_6 - Error when measuring disk space usage, file doesn't exist on this path: /home/rocketmq/store/consumequeue
2021-08-28 14:32:03 ERROR StoreScheduledThread1 - Error when measuring disk space usage, file doesn't exist on this path: /home/rocketmq/store/commitlog
2021-08-28 14:32:04 ERROR DiskCheckScheduledThread1 - Error when measuring disk space usage, file doesn't exist on this path: /home/rocketmq/store/commitlog
2021-08-28 14:32:13 ERROR StoreScheduledThread1 - Error when measuring disk space usage, file doesn't exist on this path: /home/rocketmq/store/commitlog
2021-08-28 14:32:14 ERROR DiskCheckScheduledThread1 - Error when measuring disk space usage, file doesn't exist on this path: /home/rocketmq/store/commitlog
2021-08-28 14:32:23 INFO BrokerControllerScheduledThread1 - dispatch behind commit log 0 bytes
2021-08-28 14:32:23 INFO BrokerControllerScheduledThread1 - Slave fall behind master: 0 bytes
2021-08-28 14:32:23 ERROR StoreScheduledThread1 - Error when measuring disk space usage, file doesn't exist on this path: /home/rocketmq/store/commitlog
2021-08-28 14:32:24 ERROR DiskCheckScheduledThread1 - Error when measuring disk space usage, file doesn't exist on this path: /home/rocketmq/store/commitlog
2021-08-28 14:32:26 INFO brokerOutApi_thread_1 - register broker[0]to name server rmqnamesrv:9876 OK
2021-08-28 14:32:33 ERROR StoreScheduledThread1 - Error when measuring disk space usage, file doesn't exist on this path: /home/rocketmq/store/commitlog
2021-08-28 14:32:34 ERROR DiskCheckScheduledThread1 - Error when measuring disk space usage, file doesn't exist on this path: /home/rocketmq/store/commitlog
2021-08-28 14:32:43 ERROR StoreScheduledThread1 - Error when measuring disk space usage, file doesn't exist on this path: /home/rocketmq/store/commitlog
2021-08-28 14:32:44 ERROR DiskCheckScheduledThread1 - Error when measuring disk space usage, file doesn't exist on this path: /home/rocketmq/store/commitlog
2021-08-28 14:32:53 ERROR StoreScheduledThread1 - Error when measuring disk space usage, file doesn't exist on this path: /home/rocketmq/store/commitlog
2021-08-28 14:32:54 ERROR DiskCheckScheduledThread1 - Error when measuring disk space usage, file doesn't exist on this path: /home/rocketmq/store/commitlog
2021-08-28 14:32:56 INFO brokerOutApi_thread_2 - register broker[0]to name server rmqnamesrv:9876 OK
2021-08-28 14:33:00 ERROR AdminBrokerThread_16 - Error when measuring disk space usage, file doesn't exist on this path: /home/rocketmq/store/commitlog
2021-08-28 14:33:00 ERROR AdminBrokerThread_16 - Error when measuring disk space usage, file doesn't exist on this path: /home/rocketmq/store/consumequeue
2021-08-28 14:33:03 ERROR StoreScheduledThread1 - Error when measuring disk space usage, file doesn't exist on this path: /home/rocketmq/store/commitlog
2021-08-28 14:33:04 ERROR DiskCheckScheduledThread1 - Error when measuring disk space usage, file doesn't exist on this path: /home/rocketmq/store/commitlog
2021-08-28 14:33:13 ERROR StoreScheduledThread1 - Error when measuring disk space usage, file doesn't exist on this path: /home/rocketmq/store/commitlog
2021-08-28 14:33:14 ERROR DiskCheckScheduledThread1 - Error when measuring disk space usage, file doesn't exist on this path: /home/rocketmq/store/commitlog
2021-08-28 14:33:23 INFO BrokerControllerScheduledThread1 - dispatch behind commit log 0 bytes
2021-08-28 14:33:23 INFO BrokerControllerScheduledThread1 - Slave fall behind master: 0 bytes
2021-08-28 14:33:23 ERROR StoreScheduledThread1 - Error when measuring disk space usage, file doesn't exist on this path: /home/rocketmq/store/commitlog
2021-08-28 14:33:24 ERROR DiskCheckScheduledThread1 - Error when measuring disk space usage, file doesn't exist on this path: /home/rocketmq/store/commitlog
2021-08-28 14:33:26 INFO brokerOutApi_thread_3 - register broker[0]to name server rmqnamesrv:9876 OK
2021-08-28 14:33:33 ERROR StoreScheduledThread1 - Error when measuring disk space usage, file doesn't exist on this path: /home/rocketmq/store/commitlog
2021-08-28 14:33:34 ERROR DiskCheckScheduledThread1 - Error when measuring disk space usage, file doesn't exist on this path: /home/rocketmq/store/commitlog
2021-08-28 14:33:43 ERROR StoreScheduledThread1 - Error when measuring disk space usage, file doesn't exist on this path: /home/rocketmq/store/commitlog
2021-08-28 14:33:44 ERROR DiskCheckScheduledThread1 - Error when measuring disk space usage, file doesn't exist on this path: /home/rocketmq/store/commitlog
2021-08-28 14:33:53 ERROR StoreScheduledThread1 - Error when measuring disk space usage, file doesn't exist on this path: /home/rocketmq/store/commitlog
2021-08-28 14:33:54 ERROR DiskCheckScheduledThread1 - Error when measuring disk space usage, file doesn't exist on this path: /home/rocketmq/store/commitlog
2021-08-28 14:33:56 INFO brokerOutApi_thread_4 - register broker[0]to name server rmqnamesrv:9876 OK
2021-08-28 14:34:00 ERROR AdminBrokerThread_10 - Error when measuring disk space usage, file doesn't exist on this path: /home/rocketmq/store/commitlog
2021-08-28 14:34:00 ERROR AdminBrokerThread_10 - Error when measuring disk space usage, file doesn't exist on this path: /home/rocketmq/store/consumequeue
2021-08-28 14:34:03 ERROR StoreScheduledThread1 - Error when measuring disk space usage, file doesn't exist on this path: /home/rocketmq/store/commitlog
2021-08-28 14:34:04 ERROR DiskCheckScheduledThread1 - Error when measuring disk space usage, file doesn't exist on this path: /home/rocketmq/store/commitlog
2021-08-28 14:34:13 ERROR StoreScheduledThread1 - Error when measuring disk space usage, file doesn't exist on this path: /home/rocketmq/store/commitlog
2021-08-28 14:34:14 ERROR DiskCheckScheduledThread1 - Error when measuring disk space usage, file doesn't exist on this path: /home/rocketmq/store/commitlog
2021-08-28 14:34:23 INFO BrokerControllerScheduledThread1 - dispatch behind commit log 0 bytes
2021-08-28 14:34:23 INFO BrokerControllerScheduledThread1 - Slave fall behind master: 0 bytes
2021-08-28 14:34:23 ERROR StoreScheduledThread1 - Error when measuring disk space usage, file doesn't exist on this path: /home/rocketmq/store/commitlog
2021-08-28 14:34:24 ERROR DiskCheckScheduledThread1 - Error when measuring disk space usage, file doesn't exist on this path: /home/rocketmq/store/commitlog
2021-08-28 14:34:26 INFO brokerOutApi_thread_1 - register broker[0]to name server rmqnamesrv:9876 OK
2021-08-28 14:34:33 ERROR StoreScheduledThread1 - Error when measuring disk space usage, file doesn't exist on this path: /home/rocketmq/store/commitlog
2021-08-28 14:34:34 ERROR DiskCheckScheduledThread1 - Error when measuring disk space usage, file doesn't exist on this path: /home/rocketmq/store/commitlog
2021-08-28 14:34:43 ERROR StoreScheduledThread1 - Error when measuring disk space usage, file doesn't exist on this path: /home/rocketmq/store/commitlog
2021-08-28 14:34:44 ERROR DiskCheckScheduledThread1 - Error when measuring disk space usage, file doesn't exist on this path: /home/rocketmq/store/commitlog
2021-08-28 14:34:53 ERROR StoreScheduledThread1 - Error when measuring disk space usage, file doesn't exist on this path: /home/rocketmq/store/commitlog
2021-08-28 14:34:54 ERROR DiskCheckScheduledThread1 - Error when measuring disk space usage, file doesn't exist on this path: /home/rocketmq/store/commitlog
2021-08-28 14:34:56 INFO brokerOutApi_thread_2 - register broker[0]to name server rmqnamesrv:9876 OK
2021-08-28 14:35:00 ERROR AdminBrokerThread_4 - Error when measuring disk space usage, file doesn't exist on this path: /home/rocketmq/store/commitlog
2021-08-28 14:35:00 ERROR AdminBrokerThread_4 - Error when measuring disk space usage, file doesn't exist on this path: /home/rocketmq/store/consumequeue
2021-08-28 14:35:03 ERROR StoreScheduledThread1 - Error when measuring disk space usage, file doesn't exist on this path: /home/rocketmq/store/commitlog
2021-08-28 14:35:04 ERROR DiskCheckScheduledThread1 - Error when measuring disk space usage, file doesn't exist on this path: /home/rocketmq/store/commitlog
2021-08-28 14:35:13 ERROR StoreScheduledThread1 - Error when measuring disk space usage, file doesn't exist on this path: /home/rocketmq/store/commitlog
2021-08-28 14:35:14 ERROR DiskCheckScheduledThread1 - Error when measuring disk space usage, file doesn't exist on this path: /home/rocketmq/store/commitlog
2021-08-28 14:35:23 INFO BrokerControllerScheduledThread1 - dispatch behind commit log 0 bytes
2021-08-28 14:35:23 INFO BrokerControllerScheduledThread1 - Slave fall behind master: 0 bytes
2021-08-28 14:35:23 ERROR StoreScheduledThread1 - Error when measuring disk space usage, file doesn't exist on this path: /home/rocketmq/store/commitlog
2021-08-28 14:35:24 ERROR DiskCheckScheduledThread1 - Error when measuring disk space usage, file doesn't exist on this path: /home/rocketmq/store/commitlog
2021-08-28 14:35:26 INFO brokerOutApi_thread_3 - register broker[0]to name server rmqnamesrv:9876 OK
2021-08-28 14:35:33 ERROR StoreScheduledThread1 - Error when measuring disk space usage, file doesn't exist on this path: /home/rocketmq/store/commitlog
2021-08-28 14:35:34 ERROR DiskCheckScheduledThread1 - Error when measuring disk space usage, file doesn't exist on this path: /home/rocketmq/store/commitlog
2021-08-28 14:35:43 ERROR StoreScheduledThread1 - Error when measuring disk space usage, file doesn't exist on this path: /home/rocketmq/store/commitlog
2021-08-28 14:35:44 ERROR DiskCheckScheduledThread1 - Error when measuring disk space usage, file doesn't exist on this path: /home/rocketmq/store/commitlog
2021-08-28 14:35:53 ERROR StoreScheduledThread1 - Error when measuring disk space usage, file doesn't exist on this path: /home/rocketmq/store/commitlog
2021-08-28 14:35:54 ERROR DiskCheckScheduledThread1 - Error when measuring disk space usage, file doesn't exist on this path: /home/rocketmq/store/commitlog
2021-08-28 14:35:56 INFO brokerOutApi_thread_4 - register broker[0]to name server rmqnamesrv:9876 OK
2021-08-28 14:36:00 ERROR AdminBrokerThread_14 - Error when measuring disk space usage, file doesn't exist on this path: /home/rocketmq/store/commitlog
2021-08-28 14:36:00 ERROR AdminBrokerThread_14 - Error when measuring disk space usage, file doesn't exist on this path: /home/rocketmq/store/consumequeue
2021-08-28 14:36:03 ERROR StoreScheduledThread1 - Error when measuring disk space usage, file doesn't exist on this path: /home/rocketmq/store/commitlog
2021-08-28 14:36:04 ERROR DiskCheckScheduledThread1 - Error when measuring disk space usage, file doesn't exist on this path: /home/rocketmq/store/commitlog
2021-08-28 14:36:13 ERROR StoreScheduledThread1 - Error when measuring disk space usage, file doesn't exist on this path: /home/rocketmq/store/commitlog
2021-08-28 14:36:14 ERROR DiskCheckScheduledThread1 - Error when measuring disk space usage, file doesn't exist on this path: /home/rocketmq/store/commitlog
2021-08-28 14:36:23 INFO BrokerControllerScheduledThread1 - dispatch behind commit log 0 bytes
2021-08-28 14:36:23 INFO BrokerControllerScheduledThread1 - Slave fall behind master: 0 bytes
2021-08-28 14:36:23 ERROR StoreScheduledThread1 - Error when measuring disk space usage, file doesn't exist on this path: /home/rocketmq/store/commitlog
2021-08-28 14:36:24 ERROR DiskCheckScheduledThread1 - Error when measuring disk space usage, file doesn't exist on this path: /home/rocketmq/store/commitlog
2021-08-28 14:36:26 INFO brokerOutApi_thread_1 - register broker[0]to name server rmqnamesrv:9876 OK
2021-08-28 14:36:33 ERROR StoreScheduledThread1 - Error when measuring disk space usage, file doesn't exist on this path: /home/rocketmq/store/commitlog
2021-08-28 14:36:34 ERROR DiskCheckScheduledThread1 - Error when measuring disk space usage, file doesn't exist on this path: /home/rocketmq/store/commitlog
2021-08-28 14:36:43 ERROR StoreScheduledThread1 - Error when measuring disk space usage, file doesn't exist on this path: /home/rocketmq/store/commitlog
2021-08-28 14:36:44 ERROR DiskCheckScheduledThread1 - Error when measuring disk space usage, file doesn't exist on this path: /home/rocketmq/store/commitlog
2021-08-28 14:36:53 ERROR StoreScheduledThread1 - Error when measuring disk space usage, file doesn't exist on this path: /home/rocketmq/store/commitlog
2021-08-28 14:36:54 ERROR DiskCheckScheduledThread1 - Error when measuring disk space usage, file doesn't exist on this path: /home/rocketmq/store/commitlog
2021-08-28 14:36:55 INFO brokerOutApi_thread_2 - register broker[0]to name server rmqnamesrv:9876 OK
2021-08-28 14:37:00 ERROR AdminBrokerThread_8 - Error when measuring disk space usage, file doesn't exist on this path: /home/rocketmq/store/commitlog
2021-08-28 14:37:00 ERROR AdminBrokerThread_8 - Error when measuring disk space usage, file doesn't exist on this path: /home/rocketmq/store/consumequeue
2021-08-28 14:37:03 ERROR StoreScheduledThread1 - Error when measuring disk space usage, file doesn't exist on this path: /home/rocketmq/store/commitlog
2021-08-28 14:37:04 ERROR DiskCheckScheduledThread1 - Error when measuring disk space usage, file doesn't exist on this path: /home/rocketmq/store/commitlog
2021-08-28 14:37:13 ERROR StoreScheduledThread1 - Error when measuring disk space usage, file doesn't exist on this path: /home/rocketmq/store/commitlog
2021-08-28 14:37:14 ERROR DiskCheckScheduledThread1 - Error when measuring disk space usage, file doesn't exist on this path: /home/rocketmq/store/commitlog
2021-08-28 14:37:22 INFO BrokerControllerScheduledThread1 - dispatch behind commit log 0 bytes
2021-08-28 14:37:22 INFO BrokerControllerScheduledThread1 - Slave fall behind master: 0 bytes
2021-08-28 14:37:23 ERROR StoreScheduledThread1 - Error when measuring disk space usage, file doesn't exist on this path: /home/rocketmq/store/commitlog
2021-08-28 14:37:24 ERROR DiskCheckScheduledThread1 - Error when measuring disk space usage, file doesn't exist on this path: /home/rocketmq/store/commitlog
2021-08-28 14:37:25 INFO brokerOutApi_thread_3 - register broker[0]to name server rmqnamesrv:9876 OK
2021-08-28 14:37:33 ERROR StoreScheduledThread1 - Error when measuring disk space usage, file doesn't exist on this path: /home/rocketmq/store/commitlog
2021-08-28 14:37:34 ERROR DiskCheckScheduledThread1 - Error when measuring disk space usage, file doesn't exist on this path: /home/rocketmq/store/commitlog
2021-08-28 14:37:43 ERROR StoreScheduledThread1 - Error when measuring disk space usage, file doesn't exist on this path: /home/rocketmq/store/commitlog
2021-08-28 14:37:44 ERROR DiskCheckScheduledThread1 - Error when measuring disk space usage, file doesn't exist on this path: /home/rocketmq/store/commitlog
2021-08-28 14:37:53 ERROR StoreScheduledThread1 - Error when measuring disk space usage, file doesn't exist on this path: /home/rocketmq/store/commitlog
2021-08-28 14:37:54 ERROR DiskCheckScheduledThread1 - Error when measuring disk space usage, file doesn't exist on this path: /home/rocketmq/store/commitlog
2021-08-28 14:37:55 INFO brokerOutApi_thread_4 - register broker[0]to name server rmqnamesrv:9876 OK
2021-08-28 14:38:00 ERROR AdminBrokerThread_2 - Error when measuring disk space usage, file doesn't exist on this path: /home/rocketmq/store/commitlog
2021-08-28 14:38:00 ERROR AdminBrokerThread_2 - Error when measuring disk space usage, file doesn't exist on this path: /home/rocketmq/store/consumequeue
2021-08-28 14:38:03 ERROR StoreScheduledThread1 - Error when measuring disk space usage, file doesn't exist on this path: /home/rocketmq/store/commitlog
2021-08-28 14:38:04 ERROR DiskCheckScheduledThread1 - Error when measuring disk space usage, file doesn't exist on this path: /home/rocketmq/store/commitlog
2021-08-28 14:38:13 ERROR StoreScheduledThread1 - Error when measuring disk space usage, file doesn't exist on this path: /home/rocketmq/store/commitlog
2021-08-28 14:38:14 ERROR DiskCheckScheduledThread1 - Error when measuring disk space usage, file doesn't exist on this path: /home/rocketmq/store/commitlog
2021-08-28 14:38:22 INFO BrokerControllerScheduledThread1 - dispatch behind commit log 0 bytes
2021-08-28 14:38:22 INFO BrokerControllerScheduledThread1 - Slave fall behind master: 0 bytes
2021-08-28 14:38:23 ERROR StoreScheduledThread1 - Error when measuring disk space usage, file doesn't exist on this path: /home/rocketmq/store/commitlog
2021-08-28 14:38:24 ERROR DiskCheckScheduledThread1 - Error when measuring disk space usage, file doesn't exist on this path: /home/rocketmq/store/commitlog
2021-08-28 14:38:25 INFO brokerOutApi_thread_1 - register broker[0]to name server rmqnamesrv:9876 OK
2021-08-28 14:38:33 ERROR StoreScheduledThread1 - Error when measuring disk space usage, file doesn't exist on this path: /home/rocketmq/store/commitlog
2021-08-28 14:38:34 ERROR DiskCheckScheduledThread1 - Error when measuring disk space usage, file doesn't exist on this path: /home/rocketmq/store/commitlog
2021-08-28 14:38:43 ERROR StoreScheduledThread1 - Error when measuring disk space usage, file doesn't exist on this path: /home/rocketmq/store/commitlog
2021-08-28 14:38:44 ERROR DiskCheckScheduledThread1 - Error when measuring disk space usage, file doesn't exist on this path: /home/rocketmq/store/commitlog
2021-08-28 14:38:53 ERROR StoreScheduledThread1 - Error when measuring disk space usage, file doesn't exist on this path: /home/rocketmq/store/commitlog
2021-08-28 14:38:54 ERROR DiskCheckScheduledThread1 - Error when measuring disk space usage, file doesn't exist on this path: /home/rocketmq/store/commitlog
2021-08-28 14:38:55 INFO brokerOutApi_thread_2 - register broker[0]to name server rmqnamesrv:9876 OK
2021-08-28 14:39:00 ERROR AdminBrokerThread_12 - Error when measuring disk space usage, file doesn't exist on this path: /home/rocketmq/store/commitlog
2021-08-28 14:39:00 ERROR AdminBrokerThread_12 - Error when measuring disk space usage, file doesn't exist on this path: /home/rocketmq/store/consumequeue
2021-08-28 14:39:03 ERROR StoreScheduledThread1 - Error when measuring disk space usage, file doesn't exist on this path: /home/rocketmq/store/commitlog
2021-08-28 14:39:04 ERROR DiskCheckScheduledThread1 - Error when measuring disk space usage, file doesn't exist on this path: /home/rocketmq/store/commitlog
2021-08-28 14:39:13 ERROR StoreScheduledThread1 - Error when measuring disk space usage, file doesn't exist on this path: /home/rocketmq/store/commitlog
2021-08-28 14:39:14 ERROR DiskCheckScheduledThread1 - Error when measuring disk space usage, file doesn't exist on this path: /home/rocketmq/store/commitlog
2021-08-28 14:39:22 INFO BrokerControllerScheduledThread1 - dispatch behind commit log 0 bytes
2021-08-28 14:39:22 INFO BrokerControllerScheduledThread1 - Slave fall behind master: 0 bytes
2021-08-28 14:39:23 ERROR StoreScheduledThread1 - Error when measuring disk space usage, file doesn't exist on this path: /home/rocketmq/store/commitlog
2021-08-28 14:39:24 ERROR DiskCheckScheduledThread1 - Error when measuring disk space usage, file doesn't exist on this path: /home/rocketmq/store/commitlog
2021-08-28 14:39:25 INFO brokerOutApi_thread_3 - register broker[0]to name server rmqnamesrv:9876 OK
2021-08-28 14:39:33 ERROR StoreScheduledThread1 - Error when measuring disk space usage, file doesn't exist on this path: /home/rocketmq/store/commitlog
2021-08-28 14:39:34 ERROR DiskCheckScheduledThread1 - Error when measuring disk space usage, file doesn't exist on this path: /home/rocketmq/store/commitlog
2021-08-28 14:39:43 ERROR StoreScheduledThread1 - Error when measuring disk space usage, file doesn't exist on this path: /home/rocketmq/store/commitlog
2021-08-28 14:39:44 ERROR DiskCheckScheduledThread1 - Error when measuring disk space usage, file doesn't exist on this path: /home/rocketmq/store/commitlog
2021-08-28 14:39:53 ERROR StoreScheduledThread1 - Error when measuring disk space usage, file doesn't exist on this path: /home/rocketmq/store/commitlog
2021-08-28 14:39:54 ERROR DiskCheckScheduledThread1 - Error when measuring disk space usage, file doesn't exist on this path: /home/rocketmq/store/commitlog
2021-08-28 14:39:55 INFO brokerOutApi_thread_4 - register broker[0]to name server rmqnamesrv:9876 OK
2021-08-28 14:40:00 ERROR AdminBrokerThread_6 - Error when measuring disk space usage, file doesn't exist on this path: /home/rocketmq/store/commitlog
2021-08-28 14:40:00 ERROR AdminBrokerThread_6 - Error when measuring disk space usage, file doesn't exist on this path: /home/rocketmq/store/consumequeue
2021-08-28 14:40:03 ERROR StoreScheduledThread1 - Error when measuring disk space usage, file doesn't exist on this path: /home/rocketmq/store/commitlog
2021-08-28 14:40:04 ERROR DiskCheckScheduledThread1 - Error when measuring disk space usage, file doesn't exist on this path: /home/rocketmq/store/commitlog
2021-08-28 14:40:13 ERROR StoreScheduledThread1 - Error when measuring disk space usage, file doesn't exist on this path: /home/rocketmq/store/commitlog
2021-08-28 14:40:14 ERROR DiskCheckScheduledThread1 - Error when measuring disk space usage, file doesn't exist on this path: /home/rocketmq/store/commitlog
2021-08-28 14:40:22 INFO BrokerControllerScheduledThread1 - dispatch behind commit log 0 bytes
2021-08-28 14:40:22 INFO BrokerControllerScheduledThread1 - Slave fall behind master: 0 bytes
2021-08-28 14:40:23 ERROR StoreScheduledThread1 - Error when measuring disk space usage, file doesn't exist on this path: /home/rocketmq/store/commitlog
2021-08-28 14:40:24 ERROR DiskCheckScheduledThread1 - Error when measuring disk space usage, file doesn't exist on this path: /home/rocketmq/store/commitlog
2021-08-28 14:40:25 INFO brokerOutApi_thread_1 - register broker[0]to name server rmqnamesrv:9876 OK
2021-08-28 14:40:33 ERROR StoreScheduledThread1 - Error when measuring disk space usage, file doesn't exist on this path: /home/rocketmq/store/commitlog
2021-08-28 14:40:34 ERROR DiskCheckScheduledThread1 - Error when measuring disk space usage, file doesn't exist on this path: /home/rocketmq/store/commitlog
2021-08-28 14:40:43 ERROR StoreScheduledThread1 - Error when measuring disk space usage, file doesn't exist on this path: /home/rocketmq/store/commitlog
2021-08-28 14:40:44 ERROR DiskCheckScheduledThread1 - Error when measuring disk space usage, file doesn't exist on this path: /home/rocketmq/store/commitlog
2021-08-28 14:40:53 ERROR StoreScheduledThread1 - Error when measuring disk space usage, file doesn't exist on this path: /home/rocketmq/store/commitlog
2021-08-28 14:40:54 ERROR DiskCheckScheduledThread1 - Error when measuring disk space usage, file doesn't exist on this path: /home/rocketmq/store/commitlog
2021-08-28 14:40:55 INFO brokerOutApi_thread_2 - register broker[0]to name server rmqnamesrv:9876 OK
2021-08-28 14:41:00 ERROR AdminBrokerThread_16 - Error when measuring disk space usage, file doesn't exist on this path: /home/rocketmq/store/commitlog
2021-08-28 14:41:00 ERROR AdminBrokerThread_16 - Error when measuring disk space usage, file doesn't exist on this path: /home/rocketmq/store/consumequeue
2021-08-28 14:41:03 ERROR StoreScheduledThread1 - Error when measuring disk space usage, file doesn't exist on this path: /home/rocketmq/store/commitlog
2021-08-28 14:41:04 ERROR DiskCheckScheduledThread1 - Error when measuring disk space usage, file doesn't exist on this path: /home/rocketmq/store/commitlog
2021-08-28 14:41:13 ERROR StoreScheduledThread1 - Error when measuring disk space usage, file doesn't exist on this path: /home/rocketmq/store/commitlog
2021-08-28 14:41:14 ERROR DiskCheckScheduledThread1 - Error when measuring disk space usage, file doesn't exist on this path: /home/rocketmq/store/commitlog
2021-08-28 14:41:22 INFO BrokerControllerScheduledThread1 - dispatch behind commit log 0 bytes
2021-08-28 14:41:22 INFO BrokerControllerScheduledThread1 - Slave fall behind master: 0 bytes
2021-08-28 14:41:23 ERROR StoreScheduledThread1 - Error when measuring disk space usage, file doesn't exist on this path: /home/rocketmq/store/commitlog
2021-08-28 14:41:24 ERROR DiskCheckScheduledThread1 - Error when measuring disk space usage, file doesn't exist on this path: /home/rocketmq/store/commitlog
2021-08-28 14:41:25 INFO brokerOutApi_thread_3 - register broker[0]to name server rmqnamesrv:9876 OK
2021-08-28 14:41:33 ERROR StoreScheduledThread1 - Error when measuring disk space usage, file doesn't exist on this path: /home/rocketmq/store/commitlog
2021-08-28 14:41:34 ERROR DiskCheckScheduledThread1 - Error when measuring disk space usage, file doesn't exist on this path: /home/rocketmq/store/commitlog
2021-08-28 14:41:43 ERROR StoreScheduledThread1 - Error when measuring disk space usage, file doesn't exist on this path: /home/rocketmq/store/commitlog
2021-08-28 14:41:44 ERROR DiskCheckScheduledThread1 - Error when measuring disk space usage, file doesn't exist on this path: /home/rocketmq/store/commitlog
2021-08-28 14:41:53 ERROR StoreScheduledThread1 - Error when measuring disk space usage, file doesn't exist on this path: /home/rocketmq/store/commitlog
2021-08-28 14:41:54 ERROR DiskCheckScheduledThread1 - Error when measuring disk space usage, file doesn't exist on this path: /home/rocketmq/store/commitlog
2021-08-28 14:41:55 INFO brokerOutApi_thread_4 - register broker[0]to name server rmqnamesrv:9876 OK
2021-08-28 14:42:00 ERROR AdminBrokerThread_10 - Error when measuring disk space usage, file doesn't exist on this path: /home/rocketmq/store/commitlog
2021-08-28 14:42:00 ERROR AdminBrokerThread_10 - Error when measuring disk space usage, file doesn't exist on this path: /home/rocketmq/store/consumequeue
2021-08-28 14:42:03 ERROR StoreScheduledThread1 - Error when measuring disk space usage, file doesn't exist on this path: /home/rocketmq/store/commitlog
2021-08-28 14:42:04 ERROR DiskCheckScheduledThread1 - Error when measuring disk space usage, file doesn't exist on this path: /home/rocketmq/store/commitlog
2021-08-28 14:42:13 ERROR StoreScheduledThread1 - Error when measuring disk space usage, file doesn't exist on this path: /home/rocketmq/store/commitlog
2021-08-28 14:42:14 ERROR DiskCheckScheduledThread1 - Error when measuring disk space usage, file doesn't exist on this path: /home/rocketmq/store/commitlog
2021-08-28 14:42:22 INFO BrokerControllerScheduledThread1 - dispatch behind commit log 0 bytes
2021-08-28 14:42:22 INFO BrokerControllerScheduledThread1 - Slave fall behind master: 0 bytes
2021-08-28 14:42:23 ERROR StoreScheduledThread1 - Error when measuring disk space usage, file doesn't exist on this path: /home/rocketmq/store/commitlog
2021-08-28 14:42:24 ERROR DiskCheckScheduledThread1 - Error when measuring disk space usage, file doesn't exist on this path: /home/rocketmq/store/commitlog
2021-08-28 14:42:25 INFO brokerOutApi_thread_1 - register broker[0]to name server rmqnamesrv:9876 OK
2021-08-28 14:42:33 ERROR StoreScheduledThread1 - Error when measuring disk space usage, file doesn't exist on this path: /home/rocketmq/store/commitlog
2021-08-28 14:42:34 ERROR DiskCheckScheduledThread1 - Error when measuring disk space usage, file doesn't exist on this path: /home/rocketmq/store/commitlog
2021-08-28 14:42:43 ERROR StoreScheduledThread1 - Error when measuring disk space usage, file doesn't exist on this path: /home/rocketmq/store/commitlog
2021-08-28 14:42:44 ERROR DiskCheckScheduledThread1 - Error when measuring disk space usage, file doesn't exist on this path: /home/rocketmq/store/commitlog
2021-08-28 14:42:53 ERROR StoreScheduledThread1 - Error when measuring disk space usage, file doesn't exist on this path: /home/rocketmq/store/commitlog
2021-08-28 14:42:54 ERROR DiskCheckScheduledThread1 - Error when measuring disk space usage, file doesn't exist on this path: /home/rocketmq/store/commitlog
2021-08-28 14:42:55 INFO brokerOutApi_thread_2 - register broker[0]to name server rmqnamesrv:9876 OK
2021-08-28 14:43:00 ERROR AdminBrokerThread_4 - Error when measuring disk space usage, file doesn't exist on this path: /home/rocketmq/store/commitlog
2021-08-28 14:43:00 ERROR AdminBrokerThread_4 - Error when measuring disk space usage, file doesn't exist on this path: /home/rocketmq/store/consumequeue
2021-08-28 14:43:03 ERROR StoreScheduledThread1 - Error when measuring disk space usage, file doesn't exist on this path: /home/rocketmq/store/commitlog
2021-08-28 14:43:04 ERROR DiskCheckScheduledThread1 - Error when measuring disk space usage, file doesn't exist on this path: /home/rocketmq/store/commitlog
2021-08-28 14:43:13 ERROR StoreScheduledThread1 - Error when measuring disk space usage, file doesn't exist on this path: /home/rocketmq/store/commitlog
2021-08-28 14:43:14 ERROR DiskCheckScheduledThread1 - Error when measuring disk space usage, file doesn't exist on this path: /home/rocketmq/store/commitlog
2021-08-28 14:43:22 INFO BrokerControllerScheduledThread1 - dispatch behind commit log 0 bytes
2021-08-28 14:43:22 INFO BrokerControllerScheduledThread1 - Slave fall behind master: 0 bytes
2021-08-28 14:43:23 ERROR StoreScheduledThread1 - Error when measuring disk space usage, file doesn't exist on this path: /home/rocketmq/store/commitlog
2021-08-28 14:43:24 ERROR DiskCheckScheduledThread1 - Error when measuring disk space usage, file doesn't exist on this path: /home/rocketmq/store/commitlog
2021-08-28 14:43:25 INFO brokerOutApi_thread_3 - register broker[0]to name server rmqnamesrv:9876 OK
2021-08-28 14:43:33 ERROR StoreScheduledThread1 - Error when measuring disk space usage, file doesn't exist on this path: /home/rocketmq/store/commitlog
2021-08-28 14:43:34 ERROR DiskCheckScheduledThread1 - Error when measuring disk space usage, file doesn't exist on this path: /home/rocketmq/store/commitlog
2021-08-28 14:43:43 ERROR StoreScheduledThread1 - Error when measuring disk space usage, file doesn't exist on this path: /home/rocketmq/store/commitlog
2021-08-28 14:43:44 ERROR DiskCheckScheduledThread1 - Error when measuring disk space usage, file doesn't exist on this path: /home/rocketmq/store/commitlog
2021-08-28 14:43:53 ERROR StoreScheduledThread1 - Error when measuring disk space usage, file doesn't exist on this path: /home/rocketmq/store/commitlog
2021-08-28 14:43:54 ERROR DiskCheckScheduledThread1 - Error when measuring disk space usage, file doesn't exist on this path: /home/rocketmq/store/commitlog
2021-08-28 14:43:55 INFO brokerOutApi_thread_4 - register broker[0]to name server rmqnamesrv:9876 OK
2021-08-28 14:44:00 ERROR AdminBrokerThread_14 - Error when measuring disk space usage, file doesn't exist on this path: /home/rocketmq/store/commitlog
2021-08-28 14:44:00 ERROR AdminBrokerThread_14 - Error when measuring disk space usage, file doesn't exist on this path: /home/rocketmq/store/consumequeue
2021-08-28 14:44:03 ERROR StoreScheduledThread1 - Error when measuring disk space usage, file doesn't exist on this path: /home/rocketmq/store/commitlog
2021-08-28 14:44:04 ERROR DiskCheckScheduledThread1 - Error when measuring disk space usage, file doesn't exist on this path: /home/rocketmq/store/commitlog
2021-08-28 14:44:13 ERROR StoreScheduledThread1 - Error when measuring disk space usage, file doesn't exist on this path: /home/rocketmq/store/commitlog
2021-08-28 14:44:14 ERROR DiskCheckScheduledThread1 - Error when measuring disk space usage, file doesn't exist on this path: /home/rocketmq/store/commitlog
2021-08-28 14:44:22 INFO BrokerControllerScheduledThread1 - dispatch behind commit log 0 bytes
2021-08-28 14:44:22 INFO BrokerControllerScheduledThread1 - Slave fall behind master: 0 bytes
2021-08-28 14:44:23 ERROR StoreScheduledThread1 - Error when measuring disk space usage, file doesn't exist on this path: /home/rocketmq/store/commitlog
2021-08-28 14:44:24 ERROR DiskCheckScheduledThread1 - Error when measuring disk space usage, file doesn't exist on this path: /home/rocketmq/store/commitlog
2021-08-28 14:44:25 INFO brokerOutApi_thread_1 - register broker[0]to name server rmqnamesrv:9876 OK
2021-08-28 14:44:33 ERROR StoreScheduledThread1 - Error when measuring disk space usage, file doesn't exist on this path: /home/rocketmq/store/commitlog
2021-08-28 14:44:34 ERROR DiskCheckScheduledThread1 - Error when measuring disk space usage, file doesn't exist on this path: /home/rocketmq/store/commitlog
2021-08-28 14:44:43 ERROR StoreScheduledThread1 - Error when measuring disk space usage, file doesn't exist on this path: /home/rocketmq/store/commitlog
2021-08-28 14:44:44 ERROR DiskCheckScheduledThread1 - Error when measuring disk space usage, file doesn't exist on this path: /home/rocketmq/store/commitlog
2021-08-28 14:44:53 ERROR StoreScheduledThread1 - Error when measuring disk space usage, file doesn't exist on this path: /home/rocketmq/store/commitlog
2021-08-28 14:44:54 ERROR DiskCheckScheduledThread1 - Error when measuring disk space usage, file doesn't exist on this path: /home/rocketmq/store/commitlog
2021-08-28 14:44:55 INFO brokerOutApi_thread_2 - register broker[0]to name server rmqnamesrv:9876 OK
2021-08-28 14:45:00 ERROR AdminBrokerThread_8 - Error when measuring disk space usage, file doesn't exist on this path: /home/rocketmq/store/commitlog
2021-08-28 14:45:00 ERROR AdminBrokerThread_8 - Error when measuring disk space usage, file doesn't exist on this path: /home/rocketmq/store/consumequeue
2021-08-28 14:45:03 ERROR StoreScheduledThread1 - Error when measuring disk space usage, file doesn't exist on this path: /home/rocketmq/store/commitlog
2021-08-28 14:45:04 ERROR DiskCheckScheduledThread1 - Error when measuring disk space usage, file doesn't exist on this path: /home/rocketmq/store/commitlog
2021-08-28 14:45:13 ERROR StoreScheduledThread1 - Error when measuring disk space usage, file doesn't exist on this path: /home/rocketmq/store/commitlog
2021-08-28 14:45:14 ERROR DiskCheckScheduledThread1 - Error when measuring disk space usage, file doesn't exist on this path: /home/rocketmq/store/commitlog
2021-08-28 14:45:22 INFO BrokerControllerScheduledThread1 - dispatch behind commit log 0 bytes
2021-08-28 14:45:22 INFO BrokerControllerScheduledThread1 - Slave fall behind master: 0 bytes
2021-08-28 14:45:23 ERROR StoreScheduledThread1 - Error when measuring disk space usage, file doesn't exist on this path: /home/rocketmq/store/commitlog
2021-08-28 14:45:24 ERROR DiskCheckScheduledThread1 - Error when measuring disk space usage, file doesn't exist on this path: /home/rocketmq/store/commitlog
2021-08-28 14:45:25 INFO brokerOutApi_thread_3 - register broker[0]to name server rmqnamesrv:9876 OK
2021-08-28 14:45:33 ERROR StoreScheduledThread1 - Error when measuring disk space usage, file doesn't exist on this path: /home/rocketmq/store/commitlog
2021-08-28 14:45:34 ERROR DiskCheckScheduledThread1 - Error when measuring disk space usage, file doesn't exist on this path: /home/rocketmq/store/commitlog
2021-08-28 14:45:43 ERROR StoreScheduledThread1 - Error when measuring disk space usage, file doesn't exist on this path: /home/rocketmq/store/commitlog
2021-08-28 14:45:44 ERROR DiskCheckScheduledThread1 - Error when measuring disk space usage, file doesn't exist on this path: /home/rocketmq/store/commitlog
2021-08-28 14:45:53 ERROR StoreScheduledThread1 - Error when measuring disk space usage, file doesn't exist on this path: /home/rocketmq/store/commitlog
2021-08-28 14:45:54 ERROR DiskCheckScheduledThread1 - Error when measuring disk space usage, file doesn't exist on this path: /home/rocketmq/store/commitlog
2021-08-28 14:45:55 INFO brokerOutApi_thread_4 - register broker[0]to name server rmqnamesrv:9876 OK
2021-08-28 14:46:00 ERROR AdminBrokerThread_2 - Error when measuring disk space usage, file doesn't exist on this path: /home/rocketmq/store/commitlog
2021-08-28 14:46:00 ERROR AdminBrokerThread_2 - Error when measuring disk space usage, file doesn't exist on this path: /home/rocketmq/store/consumequeue
2021-08-28 14:46:03 ERROR StoreScheduledThread1 - Error when measuring disk space usage, file doesn't exist on this path: /home/rocketmq/store/commitlog
2021-08-28 14:46:04 ERROR DiskCheckScheduledThread1 - Error when measuring disk space usage, file doesn't exist on this path: /home/rocketmq/store/commitlog
2021-08-28 14:46:12 ERROR StoreScheduledThread1 - Error when measuring disk space usage, file doesn't exist on this path: /home/rocketmq/store/commitlog
2021-08-28 14:46:13 ERROR DiskCheckScheduledThread1 - Error when measuring disk space usage, file doesn't exist on this path: /home/rocketmq/store/commitlog
2021-08-28 14:46:22 INFO BrokerControllerScheduledThread1 - dispatch behind commit log 0 bytes
2021-08-28 14:46:22 INFO BrokerControllerScheduledThread1 - Slave fall behind master: 0 bytes
2021-08-28 14:46:22 ERROR StoreScheduledThread1 - Error when measuring disk space usage, file doesn't exist on this path: /home/rocketmq/store/commitlog
2021-08-28 14:46:23 ERROR DiskCheckScheduledThread1 - Error when measuring disk space usage, file doesn't exist on this path: /home/rocketmq/store/commitlog
2021-08-28 14:46:25 INFO brokerOutApi_thread_1 - register broker[0]to name server rmqnamesrv:9876 OK
2021-08-28 14:46:32 ERROR StoreScheduledThread1 - Error when measuring disk space usage, file doesn't exist on this path: /home/rocketmq/store/commitlog
2021-08-28 14:46:33 ERROR DiskCheckScheduledThread1 - Error when measuring disk space usage, file doesn't exist on this path: /home/rocketmq/store/commitlog
2021-08-28 14:46:42 ERROR StoreScheduledThread1 - Error when measuring disk space usage, file doesn't exist on this path: /home/rocketmq/store/commitlog
2021-08-28 14:46:43 ERROR DiskCheckScheduledThread1 - Error when measuring disk space usage, file doesn't exist on this path: /home/rocketmq/store/commitlog
2021-08-28 14:46:52 ERROR StoreScheduledThread1 - Error when measuring disk space usage, file doesn't exist on this path: /home/rocketmq/store/commitlog
2021-08-28 14:46:53 ERROR DiskCheckScheduledThread1 - Error when measuring disk space usage, file doesn't exist on this path: /home/rocketmq/store/commitlog
2021-08-28 14:46:55 INFO brokerOutApi_thread_2 - register broker[0]to name server rmqnamesrv:9876 OK
2021-08-28 14:47:00 ERROR AdminBrokerThread_12 - Error when measuring disk space usage, file doesn't exist on this path: /home/rocketmq/store/commitlog
2021-08-28 14:47:00 ERROR AdminBrokerThread_12 - Error when measuring disk space usage, file doesn't exist on this path: /home/rocketmq/store/consumequeue
2021-08-28 14:47:02 ERROR StoreScheduledThread1 - Error when measuring disk space usage, file doesn't exist on this path: /home/rocketmq/store/commitlog
2021-08-28 14:47:03 ERROR DiskCheckScheduledThread1 - Error when measuring disk space usage, file doesn't exist on this path: /home/rocketmq/store/commitlog
2021-08-28 14:47:12 ERROR StoreScheduledThread1 - Error when measuring disk space usage, file doesn't exist on this path: /home/rocketmq/store/commitlog
2021-08-28 14:47:13 ERROR DiskCheckScheduledThread1 - Error when measuring disk space usage, file doesn't exist on this path: /home/rocketmq/store/commitlog
2021-08-28 14:47:22 INFO BrokerControllerScheduledThread1 - dispatch behind commit log 0 bytes
2021-08-28 14:47:22 INFO BrokerControllerScheduledThread1 - Slave fall behind master: 0 bytes
2021-08-28 14:47:22 ERROR StoreScheduledThread1 - Error when measuring disk space usage, file doesn't exist on this path: /home/rocketmq/store/commitlog
2021-08-28 14:47:23 ERROR DiskCheckScheduledThread1 - Error when measuring disk space usage, file doesn't exist on this path: /home/rocketmq/store/commitlog
2021-08-28 14:47:25 INFO brokerOutApi_thread_3 - register broker[0]to name server rmqnamesrv:9876 OK
2021-08-28 14:47:32 ERROR StoreScheduledThread1 - Error when measuring disk space usage, file doesn't exist on this path: /home/rocketmq/store/commitlog
2021-08-28 14:47:33 ERROR DiskCheckScheduledThread1 - Error when measuring disk space usage, file doesn't exist on this path: /home/rocketmq/store/commitlog
2021-08-28 14:47:42 ERROR StoreScheduledThread1 - Error when measuring disk space usage, file doesn't exist on this path: /home/rocketmq/store/commitlog
2021-08-28 14:47:43 ERROR DiskCheckScheduledThread1 - Error when measuring disk space usage, file doesn't exist on this path: /home/rocketmq/store/commitlog
