2021-08-28 14:24:19 INFO AllocateMappedFileService - AllocateMappedFileService service started
2021-08-28 14:24:19 INFO main - last shutdown normally
2021-08-28 14:24:19 INFO main - load commit log OK
2021-08-28 14:24:19 INFO main - load logics queue all over, OK
2021-08-28 14:24:19 INFO main - store checkpoint file not exists, /home/rocketmq/store/checkpoint
2021-08-28 14:24:19 WARN main - The commitlog files are deleted, and delete the consume queue files
2021-08-28 14:24:19 INFO main - load over, and the max phy offset = 0
2021-08-28 14:24:24 INFO main - [SetReputOffset] maxPhysicalPosInLogicQueue=0 clMinOffset=-1 clMaxOffset=0 clConfirmedOffset=-1
2021-08-28 14:24:24 INFO ReputMessageService - ReputMessageService service started
2021-08-28 14:24:24 INFO GroupTransferService - GroupTransferService service started
2021-08-28 14:24:24 INFO AcceptSocketService - AcceptSocketService service started
2021-08-28 14:24:24 INFO HAClient - HAClient service started
2021-08-28 14:24:24 INFO FlushConsumeQueueService - FlushConsumeQueueService service started
2021-08-28 14:24:24 INFO StoreStatsService - StoreStatsService service started
2021-08-28 14:24:24 INFO FlushRealTimeService - FlushRealTimeService service started
2021-08-28 14:24:24 INFO main - /home/rocketmq/store/abort create OK
2021-08-28 14:25:19 INFO StoreStatsService - [STORETPS] put_tps  get_found_tps  get_miss_tps  get_transfered_tps 
2021-08-28 14:25:19 INFO StoreStatsService - [PAGECACHERT] TotalPut 0, PutMessageDistributeTime [<=0ms]:0 [0~10ms]:0 [10~50ms]:0 [50~100ms]:0 [100~200ms]:0 [200~500ms]:0 [500ms~1s]:0 [1~2s]:0 [2~3s]:0 [3~4s]:0 [4~5s]:0 [5~10s]:0 [10s~]:0 
2021-08-28 14:25:24 INFO StoreScheduledThread1 - physic disk maybe full soon, so reclaim space, -1.0
2021-08-28 14:25:24 INFO StoreScheduledThread1 - begin to delete before 120 hours file. timeup: false spacefull: true manualDeleteFileSeveralTimes: 0 cleanAtOnce: false
2021-08-28 14:25:24 WARN StoreScheduledThread1 - disk space will be full soon, but delete file failed.
2021-08-28 14:25:34 INFO StoreScheduledThread1 - physic disk maybe full soon, so reclaim space, -1.0
2021-08-28 14:25:34 INFO StoreScheduledThread1 - begin to delete before 120 hours file. timeup: false spacefull: true manualDeleteFileSeveralTimes: 0 cleanAtOnce: false
2021-08-28 14:25:34 WARN StoreScheduledThread1 - disk space will be full soon, but delete file failed.
2021-08-28 14:25:44 INFO StoreScheduledThread1 - physic disk maybe full soon, so reclaim space, -1.0
2021-08-28 14:25:44 INFO StoreScheduledThread1 - begin to delete before 120 hours file. timeup: false spacefull: true manualDeleteFileSeveralTimes: 0 cleanAtOnce: false
2021-08-28 14:25:44 WARN StoreScheduledThread1 - disk space will be full soon, but delete file failed.
2021-08-28 14:25:54 INFO StoreScheduledThread1 - physic disk maybe full soon, so reclaim space, -1.0
2021-08-28 14:25:54 INFO StoreScheduledThread1 - begin to delete before 120 hours file. timeup: false spacefull: true manualDeleteFileSeveralTimes: 0 cleanAtOnce: false
2021-08-28 14:25:54 WARN StoreScheduledThread1 - disk space will be full soon, but delete file failed.
2021-08-28 14:26:04 INFO StoreScheduledThread1 - physic disk maybe full soon, so reclaim space, -1.0
2021-08-28 14:26:04 INFO StoreScheduledThread1 - begin to delete before 120 hours file. timeup: false spacefull: true manualDeleteFileSeveralTimes: 0 cleanAtOnce: false
2021-08-28 14:26:04 WARN StoreScheduledThread1 - disk space will be full soon, but delete file failed.
2021-08-28 14:26:14 INFO StoreScheduledThread1 - physic disk maybe full soon, so reclaim space, -1.0
2021-08-28 14:26:14 INFO StoreScheduledThread1 - begin to delete before 120 hours file. timeup: false spacefull: true manualDeleteFileSeveralTimes: 0 cleanAtOnce: false
2021-08-28 14:26:14 WARN StoreScheduledThread1 - disk space will be full soon, but delete file failed.
2021-08-28 14:26:19 INFO StoreStatsService - [STORETPS] put_tps 0.0 get_found_tps 0.0 get_miss_tps 0.03308409978164494 get_transfered_tps 0.0
2021-08-28 14:26:19 INFO StoreStatsService - [PAGECACHERT] TotalPut 0, PutMessageDistributeTime [<=0ms]:0 [0~10ms]:0 [10~50ms]:0 [50~100ms]:0 [100~200ms]:0 [200~500ms]:0 [500ms~1s]:0 [1~2s]:0 [2~3s]:0 [3~4s]:0 [4~5s]:0 [5~10s]:0 [10s~]:0 
2021-08-28 14:26:24 INFO StoreScheduledThread1 - physic disk maybe full soon, so reclaim space, -1.0
2021-08-28 14:26:24 INFO StoreScheduledThread1 - begin to delete before 120 hours file. timeup: false spacefull: true manualDeleteFileSeveralTimes: 0 cleanAtOnce: false
2021-08-28 14:26:24 WARN StoreScheduledThread1 - disk space will be full soon, but delete file failed.
2021-08-28 14:26:34 INFO StoreScheduledThread1 - physic disk maybe full soon, so reclaim space, -1.0
2021-08-28 14:26:34 INFO StoreScheduledThread1 - begin to delete before 120 hours file. timeup: false spacefull: true manualDeleteFileSeveralTimes: 0 cleanAtOnce: false
2021-08-28 14:26:34 WARN StoreScheduledThread1 - disk space will be full soon, but delete file failed.
2021-08-28 14:26:44 INFO StoreScheduledThread1 - physic disk maybe full soon, so reclaim space, -1.0
2021-08-28 14:26:44 INFO StoreScheduledThread1 - begin to delete before 120 hours file. timeup: false spacefull: true manualDeleteFileSeveralTimes: 0 cleanAtOnce: false
2021-08-28 14:26:44 WARN StoreScheduledThread1 - disk space will be full soon, but delete file failed.
2021-08-28 14:26:54 INFO StoreScheduledThread1 - physic disk maybe full soon, so reclaim space, -1.0
2021-08-28 14:26:54 INFO StoreScheduledThread1 - begin to delete before 120 hours file. timeup: false spacefull: true manualDeleteFileSeveralTimes: 0 cleanAtOnce: false
2021-08-28 14:26:54 WARN StoreScheduledThread1 - disk space will be full soon, but delete file failed.
2021-08-28 14:27:04 INFO StoreScheduledThread1 - physic disk maybe full soon, so reclaim space, -1.0
2021-08-28 14:27:04 INFO StoreScheduledThread1 - begin to delete before 120 hours file. timeup: false spacefull: true manualDeleteFileSeveralTimes: 0 cleanAtOnce: false
2021-08-28 14:27:04 WARN StoreScheduledThread1 - disk space will be full soon, but delete file failed.
2021-08-28 14:27:14 INFO StoreScheduledThread1 - physic disk maybe full soon, so reclaim space, -1.0
2021-08-28 14:27:14 INFO StoreScheduledThread1 - begin to delete before 120 hours file. timeup: false spacefull: true manualDeleteFileSeveralTimes: 0 cleanAtOnce: false
2021-08-28 14:27:14 WARN StoreScheduledThread1 - disk space will be full soon, but delete file failed.
2021-08-28 14:27:20 INFO StoreStatsService - [STORETPS] put_tps 0.0 get_found_tps 0.0 get_miss_tps 0.03334889615153738 get_transfered_tps 0.0
2021-08-28 14:27:20 INFO StoreStatsService - [PAGECACHERT] TotalPut 0, PutMessageDistributeTime [<=0ms]:0 [0~10ms]:0 [10~50ms]:0 [50~100ms]:0 [100~200ms]:0 [200~500ms]:0 [500ms~1s]:0 [1~2s]:0 [2~3s]:0 [3~4s]:0 [4~5s]:0 [5~10s]:0 [10s~]:0 
2021-08-28 14:27:24 INFO StoreScheduledThread1 - physic disk maybe full soon, so reclaim space, -1.0
2021-08-28 14:27:24 INFO StoreScheduledThread1 - begin to delete before 120 hours file. timeup: false spacefull: true manualDeleteFileSeveralTimes: 0 cleanAtOnce: false
2021-08-28 14:27:24 WARN StoreScheduledThread1 - disk space will be full soon, but delete file failed.
2021-08-28 14:27:34 INFO StoreScheduledThread1 - physic disk maybe full soon, so reclaim space, -1.0
2021-08-28 14:27:34 INFO StoreScheduledThread1 - begin to delete before 120 hours file. timeup: false spacefull: true manualDeleteFileSeveralTimes: 0 cleanAtOnce: false
2021-08-28 14:27:34 WARN StoreScheduledThread1 - disk space will be full soon, but delete file failed.
2021-08-28 14:27:44 INFO StoreScheduledThread1 - physic disk maybe full soon, so reclaim space, -1.0
2021-08-28 14:27:44 INFO StoreScheduledThread1 - begin to delete before 120 hours file. timeup: false spacefull: true manualDeleteFileSeveralTimes: 0 cleanAtOnce: false
2021-08-28 14:27:44 WARN StoreScheduledThread1 - disk space will be full soon, but delete file failed.
2021-08-28 14:27:54 INFO StoreScheduledThread1 - physic disk maybe full soon, so reclaim space, -1.0
2021-08-28 14:27:54 INFO StoreScheduledThread1 - begin to delete before 120 hours file. timeup: false spacefull: true manualDeleteFileSeveralTimes: 0 cleanAtOnce: false
2021-08-28 14:27:54 WARN StoreScheduledThread1 - disk space will be full soon, but delete file failed.
2021-08-28 14:28:04 INFO StoreScheduledThread1 - physic disk maybe full soon, so reclaim space, -1.0
2021-08-28 14:28:04 INFO StoreScheduledThread1 - begin to delete before 120 hours file. timeup: false spacefull: true manualDeleteFileSeveralTimes: 0 cleanAtOnce: false
2021-08-28 14:28:04 WARN StoreScheduledThread1 - disk space will be full soon, but delete file failed.
2021-08-28 14:28:14 INFO StoreScheduledThread1 - physic disk maybe full soon, so reclaim space, -1.0
2021-08-28 14:28:14 INFO StoreScheduledThread1 - begin to delete before 120 hours file. timeup: false spacefull: true manualDeleteFileSeveralTimes: 0 cleanAtOnce: false
2021-08-28 14:28:14 WARN StoreScheduledThread1 - disk space will be full soon, but delete file failed.
2021-08-28 14:28:21 INFO StoreStatsService - [STORETPS] put_tps 0.0 get_found_tps 0.0 get_miss_tps 0.03335445782328808 get_transfered_tps 0.0
2021-08-28 14:28:21 INFO StoreStatsService - [PAGECACHERT] TotalPut 0, PutMessageDistributeTime [<=0ms]:0 [0~10ms]:0 [10~50ms]:0 [50~100ms]:0 [100~200ms]:0 [200~500ms]:0 [500ms~1s]:0 [1~2s]:0 [2~3s]:0 [3~4s]:0 [4~5s]:0 [5~10s]:0 [10s~]:0 
2021-08-28 14:28:24 INFO StoreScheduledThread1 - physic disk maybe full soon, so reclaim space, -1.0
2021-08-28 14:28:24 INFO StoreScheduledThread1 - begin to delete before 120 hours file. timeup: false spacefull: true manualDeleteFileSeveralTimes: 0 cleanAtOnce: false
2021-08-28 14:28:24 WARN StoreScheduledThread1 - disk space will be full soon, but delete file failed.
2021-08-28 14:28:34 INFO StoreScheduledThread1 - physic disk maybe full soon, so reclaim space, -1.0
2021-08-28 14:28:34 INFO StoreScheduledThread1 - begin to delete before 120 hours file. timeup: false spacefull: true manualDeleteFileSeveralTimes: 0 cleanAtOnce: false
2021-08-28 14:28:34 WARN StoreScheduledThread1 - disk space will be full soon, but delete file failed.
2021-08-28 14:28:44 INFO StoreScheduledThread1 - physic disk maybe full soon, so reclaim space, -1.0
2021-08-28 14:28:44 INFO StoreScheduledThread1 - begin to delete before 120 hours file. timeup: false spacefull: true manualDeleteFileSeveralTimes: 0 cleanAtOnce: false
2021-08-28 14:28:44 WARN StoreScheduledThread1 - disk space will be full soon, but delete file failed.
2021-08-28 14:28:54 INFO StoreScheduledThread1 - physic disk maybe full soon, so reclaim space, -1.0
2021-08-28 14:28:54 INFO StoreScheduledThread1 - begin to delete before 120 hours file. timeup: false spacefull: true manualDeleteFileSeveralTimes: 0 cleanAtOnce: false
2021-08-28 14:28:54 WARN StoreScheduledThread1 - disk space will be full soon, but delete file failed.
2021-08-28 14:29:08 INFO StoreScheduledThread1 - physic disk maybe full soon, so reclaim space, -1.0
2021-08-28 14:29:10 INFO StoreScheduledThread1 - begin to delete before 120 hours file. timeup: false spacefull: true manualDeleteFileSeveralTimes: 0 cleanAtOnce: false
2021-08-28 14:29:10 WARN StoreScheduledThread1 - disk space will be full soon, but delete file failed.
2021-08-28 14:29:14 INFO StoreScheduledThread1 - physic disk maybe full soon, so reclaim space, -1.0
2021-08-28 14:29:14 INFO StoreScheduledThread1 - begin to delete before 120 hours file. timeup: false spacefull: true manualDeleteFileSeveralTimes: 0 cleanAtOnce: false
2021-08-28 14:29:14 WARN StoreScheduledThread1 - disk space will be full soon, but delete file failed.
2021-08-28 14:30:07 INFO StoreStatsService - [STORETPS] put_tps 0.0 get_found_tps 0.0 get_miss_tps 0.01612266120645874 get_transfered_tps 0.0
2021-08-28 14:30:07 INFO StoreStatsService - [PAGECACHERT] TotalPut 0, PutMessageDistributeTime [<=0ms]:0 [0~10ms]:0 [10~50ms]:0 [50~100ms]:0 [100~200ms]:0 [200~500ms]:0 [500ms~1s]:0 [1~2s]:0 [2~3s]:0 [3~4s]:0 [4~5s]:0 [5~10s]:0 [10s~]:0 
2021-08-28 14:30:14 INFO StoreScheduledThread1 - physic disk maybe full soon, so reclaim space, -1.0
2021-08-28 14:30:14 INFO StoreScheduledThread1 - begin to delete before 120 hours file. timeup: false spacefull: true manualDeleteFileSeveralTimes: 0 cleanAtOnce: false
2021-08-28 14:30:14 WARN StoreScheduledThread1 - disk space will be full soon, but delete file failed.
2021-08-28 14:30:24 INFO StoreScheduledThread1 - physic disk maybe full soon, so reclaim space, -1.0
2021-08-28 14:30:24 INFO StoreScheduledThread1 - begin to delete before 120 hours file. timeup: false spacefull: true manualDeleteFileSeveralTimes: 0 cleanAtOnce: false
2021-08-28 14:30:24 WARN StoreScheduledThread1 - disk space will be full soon, but delete file failed.
2021-08-28 14:30:34 INFO StoreScheduledThread1 - physic disk maybe full soon, so reclaim space, -1.0
2021-08-28 14:30:34 INFO StoreScheduledThread1 - begin to delete before 120 hours file. timeup: false spacefull: true manualDeleteFileSeveralTimes: 0 cleanAtOnce: false
2021-08-28 14:30:34 WARN StoreScheduledThread1 - disk space will be full soon, but delete file failed.
2021-08-28 14:30:44 INFO StoreScheduledThread1 - physic disk maybe full soon, so reclaim space, -1.0
2021-08-28 14:30:44 INFO StoreScheduledThread1 - begin to delete before 120 hours file. timeup: false spacefull: true manualDeleteFileSeveralTimes: 0 cleanAtOnce: false
2021-08-28 14:30:44 WARN StoreScheduledThread1 - disk space will be full soon, but delete file failed.
2021-08-28 14:30:54 INFO StoreScheduledThread1 - physic disk maybe full soon, so reclaim space, -1.0
2021-08-28 14:30:54 INFO StoreScheduledThread1 - begin to delete before 120 hours file. timeup: false spacefull: true manualDeleteFileSeveralTimes: 0 cleanAtOnce: false
2021-08-28 14:30:54 WARN StoreScheduledThread1 - disk space will be full soon, but delete file failed.
2021-08-28 14:31:04 INFO StoreScheduledThread1 - physic disk maybe full soon, so reclaim space, -1.0
2021-08-28 14:31:04 INFO StoreScheduledThread1 - begin to delete before 120 hours file. timeup: false spacefull: true manualDeleteFileSeveralTimes: 0 cleanAtOnce: false
2021-08-28 14:31:04 WARN StoreScheduledThread1 - disk space will be full soon, but delete file failed.
2021-08-28 14:31:08 INFO StoreStatsService - [STORETPS] put_tps 0.0 get_found_tps 0.0 get_miss_tps 0.032795487340941884 get_transfered_tps 0.0
2021-08-28 14:31:08 INFO StoreStatsService - [PAGECACHERT] TotalPut 0, PutMessageDistributeTime [<=0ms]:0 [0~10ms]:0 [10~50ms]:0 [50~100ms]:0 [100~200ms]:0 [200~500ms]:0 [500ms~1s]:0 [1~2s]:0 [2~3s]:0 [3~4s]:0 [4~5s]:0 [5~10s]:0 [10s~]:0 
2021-08-28 14:31:13 INFO StoreScheduledThread1 - physic disk maybe full soon, so reclaim space, -1.0
2021-08-28 14:31:13 INFO StoreScheduledThread1 - begin to delete before 120 hours file. timeup: false spacefull: true manualDeleteFileSeveralTimes: 0 cleanAtOnce: false
2021-08-28 14:31:13 WARN StoreScheduledThread1 - disk space will be full soon, but delete file failed.
2021-08-28 14:31:23 INFO StoreScheduledThread1 - physic disk maybe full soon, so reclaim space, -1.0
2021-08-28 14:31:23 INFO StoreScheduledThread1 - begin to delete before 120 hours file. timeup: false spacefull: true manualDeleteFileSeveralTimes: 0 cleanAtOnce: false
2021-08-28 14:31:23 WARN StoreScheduledThread1 - disk space will be full soon, but delete file failed.
2021-08-28 14:31:33 INFO StoreScheduledThread1 - physic disk maybe full soon, so reclaim space, -1.0
2021-08-28 14:31:33 INFO StoreScheduledThread1 - begin to delete before 120 hours file. timeup: false spacefull: true manualDeleteFileSeveralTimes: 0 cleanAtOnce: false
2021-08-28 14:31:33 WARN StoreScheduledThread1 - disk space will be full soon, but delete file failed.
2021-08-28 14:31:43 INFO StoreScheduledThread1 - physic disk maybe full soon, so reclaim space, -1.0
2021-08-28 14:31:43 INFO StoreScheduledThread1 - begin to delete before 120 hours file. timeup: false spacefull: true manualDeleteFileSeveralTimes: 0 cleanAtOnce: false
2021-08-28 14:31:43 WARN StoreScheduledThread1 - disk space will be full soon, but delete file failed.
2021-08-28 14:31:53 INFO StoreScheduledThread1 - physic disk maybe full soon, so reclaim space, -1.0
2021-08-28 14:31:53 INFO StoreScheduledThread1 - begin to delete before 120 hours file. timeup: false spacefull: true manualDeleteFileSeveralTimes: 0 cleanAtOnce: false
2021-08-28 14:31:53 WARN StoreScheduledThread1 - disk space will be full soon, but delete file failed.
2021-08-28 14:32:03 INFO StoreScheduledThread1 - physic disk maybe full soon, so reclaim space, -1.0
2021-08-28 14:32:03 INFO StoreScheduledThread1 - begin to delete before 120 hours file. timeup: false spacefull: true manualDeleteFileSeveralTimes: 0 cleanAtOnce: false
2021-08-28 14:32:03 WARN StoreScheduledThread1 - disk space will be full soon, but delete file failed.
2021-08-28 14:32:09 INFO StoreStatsService - [STORETPS] put_tps 0.0 get_found_tps 0.0 get_miss_tps 0.033351676755548884 get_transfered_tps 0.0
2021-08-28 14:32:09 INFO StoreStatsService - [PAGECACHERT] TotalPut 0, PutMessageDistributeTime [<=0ms]:0 [0~10ms]:0 [10~50ms]:0 [50~100ms]:0 [100~200ms]:0 [200~500ms]:0 [500ms~1s]:0 [1~2s]:0 [2~3s]:0 [3~4s]:0 [4~5s]:0 [5~10s]:0 [10s~]:0 
2021-08-28 14:32:13 INFO StoreScheduledThread1 - physic disk maybe full soon, so reclaim space, -1.0
2021-08-28 14:32:13 INFO StoreScheduledThread1 - begin to delete before 120 hours file. timeup: false spacefull: true manualDeleteFileSeveralTimes: 0 cleanAtOnce: false
2021-08-28 14:32:13 WARN StoreScheduledThread1 - disk space will be full soon, but delete file failed.
2021-08-28 14:32:23 INFO StoreScheduledThread1 - physic disk maybe full soon, so reclaim space, -1.0
2021-08-28 14:32:23 INFO StoreScheduledThread1 - begin to delete before 120 hours file. timeup: false spacefull: true manualDeleteFileSeveralTimes: 0 cleanAtOnce: false
2021-08-28 14:32:23 WARN StoreScheduledThread1 - disk space will be full soon, but delete file failed.
2021-08-28 14:32:33 INFO StoreScheduledThread1 - physic disk maybe full soon, so reclaim space, -1.0
2021-08-28 14:32:33 INFO StoreScheduledThread1 - begin to delete before 120 hours file. timeup: false spacefull: true manualDeleteFileSeveralTimes: 0 cleanAtOnce: false
2021-08-28 14:32:33 WARN StoreScheduledThread1 - disk space will be full soon, but delete file failed.
2021-08-28 14:32:43 INFO StoreScheduledThread1 - physic disk maybe full soon, so reclaim space, -1.0
2021-08-28 14:32:43 INFO StoreScheduledThread1 - begin to delete before 120 hours file. timeup: false spacefull: true manualDeleteFileSeveralTimes: 0 cleanAtOnce: false
2021-08-28 14:32:43 WARN StoreScheduledThread1 - disk space will be full soon, but delete file failed.
2021-08-28 14:32:53 INFO StoreScheduledThread1 - physic disk maybe full soon, so reclaim space, -1.0
2021-08-28 14:32:53 INFO StoreScheduledThread1 - begin to delete before 120 hours file. timeup: false spacefull: true manualDeleteFileSeveralTimes: 0 cleanAtOnce: false
2021-08-28 14:32:53 WARN StoreScheduledThread1 - disk space will be full soon, but delete file failed.
2021-08-28 14:33:03 INFO StoreScheduledThread1 - physic disk maybe full soon, so reclaim space, -1.0
2021-08-28 14:33:03 INFO StoreScheduledThread1 - begin to delete before 120 hours file. timeup: false spacefull: true manualDeleteFileSeveralTimes: 0 cleanAtOnce: false
2021-08-28 14:33:03 WARN StoreScheduledThread1 - disk space will be full soon, but delete file failed.
2021-08-28 14:33:09 INFO StoreStatsService - [STORETPS] put_tps 0.0 get_found_tps 0.0 get_miss_tps 0.03331612000466426 get_transfered_tps 0.0
2021-08-28 14:33:09 INFO StoreStatsService - [PAGECACHERT] TotalPut 0, PutMessageDistributeTime [<=0ms]:0 [0~10ms]:0 [10~50ms]:0 [50~100ms]:0 [100~200ms]:0 [200~500ms]:0 [500ms~1s]:0 [1~2s]:0 [2~3s]:0 [3~4s]:0 [4~5s]:0 [5~10s]:0 [10s~]:0 
2021-08-28 14:33:13 INFO StoreScheduledThread1 - physic disk maybe full soon, so reclaim space, -1.0
2021-08-28 14:33:13 INFO StoreScheduledThread1 - begin to delete before 120 hours file. timeup: false spacefull: true manualDeleteFileSeveralTimes: 0 cleanAtOnce: false
2021-08-28 14:33:13 WARN StoreScheduledThread1 - disk space will be full soon, but delete file failed.
2021-08-28 14:33:23 INFO StoreScheduledThread1 - physic disk maybe full soon, so reclaim space, -1.0
2021-08-28 14:33:23 INFO StoreScheduledThread1 - begin to delete before 120 hours file. timeup: false spacefull: true manualDeleteFileSeveralTimes: 0 cleanAtOnce: false
2021-08-28 14:33:23 WARN StoreScheduledThread1 - disk space will be full soon, but delete file failed.
2021-08-28 14:33:33 INFO StoreScheduledThread1 - physic disk maybe full soon, so reclaim space, -1.0
2021-08-28 14:33:33 INFO StoreScheduledThread1 - begin to delete before 120 hours file. timeup: false spacefull: true manualDeleteFileSeveralTimes: 0 cleanAtOnce: false
2021-08-28 14:33:33 WARN StoreScheduledThread1 - disk space will be full soon, but delete file failed.
2021-08-28 14:33:43 INFO StoreScheduledThread1 - physic disk maybe full soon, so reclaim space, -1.0
2021-08-28 14:33:43 INFO StoreScheduledThread1 - begin to delete before 120 hours file. timeup: false spacefull: true manualDeleteFileSeveralTimes: 0 cleanAtOnce: false
2021-08-28 14:33:43 WARN StoreScheduledThread1 - disk space will be full soon, but delete file failed.
2021-08-28 14:33:53 INFO StoreScheduledThread1 - physic disk maybe full soon, so reclaim space, -1.0
2021-08-28 14:33:53 INFO StoreScheduledThread1 - begin to delete before 120 hours file. timeup: false spacefull: true manualDeleteFileSeveralTimes: 0 cleanAtOnce: false
2021-08-28 14:33:53 WARN StoreScheduledThread1 - disk space will be full soon, but delete file failed.
2021-08-28 14:34:03 INFO StoreScheduledThread1 - physic disk maybe full soon, so reclaim space, -1.0
2021-08-28 14:34:03 INFO StoreScheduledThread1 - begin to delete before 120 hours file. timeup: false spacefull: true manualDeleteFileSeveralTimes: 0 cleanAtOnce: false
2021-08-28 14:34:03 WARN StoreScheduledThread1 - disk space will be full soon, but delete file failed.
2021-08-28 14:34:10 INFO StoreStatsService - [STORETPS] put_tps 0.0 get_found_tps 0.0 get_miss_tps 0.033356126686569156 get_transfered_tps 0.0
2021-08-28 14:34:10 INFO StoreStatsService - [PAGECACHERT] TotalPut 0, PutMessageDistributeTime [<=0ms]:0 [0~10ms]:0 [10~50ms]:0 [50~100ms]:0 [100~200ms]:0 [200~500ms]:0 [500ms~1s]:0 [1~2s]:0 [2~3s]:0 [3~4s]:0 [4~5s]:0 [5~10s]:0 [10s~]:0 
2021-08-28 14:34:13 INFO StoreScheduledThread1 - physic disk maybe full soon, so reclaim space, -1.0
2021-08-28 14:34:13 INFO StoreScheduledThread1 - begin to delete before 120 hours file. timeup: false spacefull: true manualDeleteFileSeveralTimes: 0 cleanAtOnce: false
2021-08-28 14:34:13 WARN StoreScheduledThread1 - disk space will be full soon, but delete file failed.
2021-08-28 14:34:23 INFO StoreScheduledThread1 - physic disk maybe full soon, so reclaim space, -1.0
2021-08-28 14:34:23 INFO StoreScheduledThread1 - begin to delete before 120 hours file. timeup: false spacefull: true manualDeleteFileSeveralTimes: 0 cleanAtOnce: false
2021-08-28 14:34:23 WARN StoreScheduledThread1 - disk space will be full soon, but delete file failed.
2021-08-28 14:34:33 INFO StoreScheduledThread1 - physic disk maybe full soon, so reclaim space, -1.0
2021-08-28 14:34:33 INFO StoreScheduledThread1 - begin to delete before 120 hours file. timeup: false spacefull: true manualDeleteFileSeveralTimes: 0 cleanAtOnce: false
2021-08-28 14:34:33 WARN StoreScheduledThread1 - disk space will be full soon, but delete file failed.
2021-08-28 14:34:43 INFO StoreScheduledThread1 - physic disk maybe full soon, so reclaim space, -1.0
2021-08-28 14:34:43 INFO StoreScheduledThread1 - begin to delete before 120 hours file. timeup: false spacefull: true manualDeleteFileSeveralTimes: 0 cleanAtOnce: false
2021-08-28 14:34:43 WARN StoreScheduledThread1 - disk space will be full soon, but delete file failed.
2021-08-28 14:34:53 INFO StoreScheduledThread1 - physic disk maybe full soon, so reclaim space, -1.0
2021-08-28 14:34:53 INFO StoreScheduledThread1 - begin to delete before 120 hours file. timeup: false spacefull: true manualDeleteFileSeveralTimes: 0 cleanAtOnce: false
2021-08-28 14:34:53 WARN StoreScheduledThread1 - disk space will be full soon, but delete file failed.
2021-08-28 14:35:03 INFO StoreScheduledThread1 - physic disk maybe full soon, so reclaim space, -1.0
2021-08-28 14:35:03 INFO StoreScheduledThread1 - begin to delete before 120 hours file. timeup: false spacefull: true manualDeleteFileSeveralTimes: 0 cleanAtOnce: false
2021-08-28 14:35:03 WARN StoreScheduledThread1 - disk space will be full soon, but delete file failed.
2021-08-28 14:35:11 INFO StoreStatsService - [STORETPS] put_tps 0.0 get_found_tps 0.0 get_miss_tps 0.033351120597652086 get_transfered_tps 0.0
2021-08-28 14:35:11 INFO StoreStatsService - [PAGECACHERT] TotalPut 0, PutMessageDistributeTime [<=0ms]:0 [0~10ms]:0 [10~50ms]:0 [50~100ms]:0 [100~200ms]:0 [200~500ms]:0 [500ms~1s]:0 [1~2s]:0 [2~3s]:0 [3~4s]:0 [4~5s]:0 [5~10s]:0 [10s~]:0 
2021-08-28 14:35:13 INFO StoreScheduledThread1 - physic disk maybe full soon, so reclaim space, -1.0
2021-08-28 14:35:13 INFO StoreScheduledThread1 - begin to delete before 120 hours file. timeup: false spacefull: true manualDeleteFileSeveralTimes: 0 cleanAtOnce: false
2021-08-28 14:35:13 WARN StoreScheduledThread1 - disk space will be full soon, but delete file failed.
2021-08-28 14:35:23 INFO StoreScheduledThread1 - physic disk maybe full soon, so reclaim space, -1.0
2021-08-28 14:35:23 INFO StoreScheduledThread1 - begin to delete before 120 hours file. timeup: false spacefull: true manualDeleteFileSeveralTimes: 0 cleanAtOnce: false
2021-08-28 14:35:23 WARN StoreScheduledThread1 - disk space will be full soon, but delete file failed.
2021-08-28 14:35:33 INFO StoreScheduledThread1 - physic disk maybe full soon, so reclaim space, -1.0
2021-08-28 14:35:33 INFO StoreScheduledThread1 - begin to delete before 120 hours file. timeup: false spacefull: true manualDeleteFileSeveralTimes: 0 cleanAtOnce: false
2021-08-28 14:35:33 WARN StoreScheduledThread1 - disk space will be full soon, but delete file failed.
2021-08-28 14:35:43 INFO StoreScheduledThread1 - physic disk maybe full soon, so reclaim space, -1.0
2021-08-28 14:35:43 INFO StoreScheduledThread1 - begin to delete before 120 hours file. timeup: false spacefull: true manualDeleteFileSeveralTimes: 0 cleanAtOnce: false
2021-08-28 14:35:43 WARN StoreScheduledThread1 - disk space will be full soon, but delete file failed.
2021-08-28 14:35:53 INFO StoreScheduledThread1 - physic disk maybe full soon, so reclaim space, -1.0
2021-08-28 14:35:53 INFO StoreScheduledThread1 - begin to delete before 120 hours file. timeup: false spacefull: true manualDeleteFileSeveralTimes: 0 cleanAtOnce: false
2021-08-28 14:35:53 WARN StoreScheduledThread1 - disk space will be full soon, but delete file failed.
2021-08-28 14:36:03 INFO StoreScheduledThread1 - physic disk maybe full soon, so reclaim space, -1.0
2021-08-28 14:36:03 INFO StoreScheduledThread1 - begin to delete before 120 hours file. timeup: false spacefull: true manualDeleteFileSeveralTimes: 0 cleanAtOnce: false
2021-08-28 14:36:03 WARN StoreScheduledThread1 - disk space will be full soon, but delete file failed.
2021-08-28 14:36:12 INFO StoreStatsService - [STORETPS] put_tps 0.0 get_found_tps 0.0 get_miss_tps 0.03335056445830346 get_transfered_tps 0.0
2021-08-28 14:36:12 INFO StoreStatsService - [PAGECACHERT] TotalPut 0, PutMessageDistributeTime [<=0ms]:0 [0~10ms]:0 [10~50ms]:0 [50~100ms]:0 [100~200ms]:0 [200~500ms]:0 [500ms~1s]:0 [1~2s]:0 [2~3s]:0 [3~4s]:0 [4~5s]:0 [5~10s]:0 [10s~]:0 
2021-08-28 14:36:13 INFO StoreScheduledThread1 - physic disk maybe full soon, so reclaim space, -1.0
2021-08-28 14:36:13 INFO StoreScheduledThread1 - begin to delete before 120 hours file. timeup: false spacefull: true manualDeleteFileSeveralTimes: 0 cleanAtOnce: false
2021-08-28 14:36:13 WARN StoreScheduledThread1 - disk space will be full soon, but delete file failed.
2021-08-28 14:36:23 INFO StoreScheduledThread1 - physic disk maybe full soon, so reclaim space, -1.0
2021-08-28 14:36:23 INFO StoreScheduledThread1 - begin to delete before 120 hours file. timeup: false spacefull: true manualDeleteFileSeveralTimes: 0 cleanAtOnce: false
2021-08-28 14:36:23 WARN StoreScheduledThread1 - disk space will be full soon, but delete file failed.
2021-08-28 14:36:33 INFO StoreScheduledThread1 - physic disk maybe full soon, so reclaim space, -1.0
2021-08-28 14:36:33 INFO StoreScheduledThread1 - begin to delete before 120 hours file. timeup: false spacefull: true manualDeleteFileSeveralTimes: 0 cleanAtOnce: false
2021-08-28 14:36:33 WARN StoreScheduledThread1 - disk space will be full soon, but delete file failed.
2021-08-28 14:36:43 INFO StoreScheduledThread1 - physic disk maybe full soon, so reclaim space, -1.0
2021-08-28 14:36:43 INFO StoreScheduledThread1 - begin to delete before 120 hours file. timeup: false spacefull: true manualDeleteFileSeveralTimes: 0 cleanAtOnce: false
2021-08-28 14:36:43 WARN StoreScheduledThread1 - disk space will be full soon, but delete file failed.
2021-08-28 14:36:53 INFO StoreScheduledThread1 - physic disk maybe full soon, so reclaim space, -1.0
2021-08-28 14:36:53 INFO StoreScheduledThread1 - begin to delete before 120 hours file. timeup: false spacefull: true manualDeleteFileSeveralTimes: 0 cleanAtOnce: false
2021-08-28 14:36:53 WARN StoreScheduledThread1 - disk space will be full soon, but delete file failed.
2021-08-28 14:37:03 INFO StoreScheduledThread1 - physic disk maybe full soon, so reclaim space, -1.0
2021-08-28 14:37:03 INFO StoreScheduledThread1 - begin to delete before 120 hours file. timeup: false spacefull: true manualDeleteFileSeveralTimes: 0 cleanAtOnce: false
2021-08-28 14:37:03 WARN StoreScheduledThread1 - disk space will be full soon, but delete file failed.
2021-08-28 14:37:13 INFO StoreScheduledThread1 - physic disk maybe full soon, so reclaim space, -1.0
2021-08-28 14:37:13 INFO StoreScheduledThread1 - begin to delete before 120 hours file. timeup: false spacefull: true manualDeleteFileSeveralTimes: 0 cleanAtOnce: false
2021-08-28 14:37:13 WARN StoreScheduledThread1 - disk space will be full soon, but delete file failed.
2021-08-28 14:37:13 INFO StoreStatsService - [STORETPS] put_tps 0.0 get_found_tps 0.0 get_miss_tps 0.033352789126990745 get_transfered_tps 0.0
2021-08-28 14:37:13 INFO StoreStatsService - [PAGECACHERT] TotalPut 0, PutMessageDistributeTime [<=0ms]:0 [0~10ms]:0 [10~50ms]:0 [50~100ms]:0 [100~200ms]:0 [200~500ms]:0 [500ms~1s]:0 [1~2s]:0 [2~3s]:0 [3~4s]:0 [4~5s]:0 [5~10s]:0 [10s~]:0 
2021-08-28 14:37:23 INFO StoreScheduledThread1 - physic disk maybe full soon, so reclaim space, -1.0
2021-08-28 14:37:23 INFO StoreScheduledThread1 - begin to delete before 120 hours file. timeup: false spacefull: true manualDeleteFileSeveralTimes: 0 cleanAtOnce: false
2021-08-28 14:37:23 WARN StoreScheduledThread1 - disk space will be full soon, but delete file failed.
2021-08-28 14:37:33 INFO StoreScheduledThread1 - physic disk maybe full soon, so reclaim space, -1.0
2021-08-28 14:37:33 INFO StoreScheduledThread1 - begin to delete before 120 hours file. timeup: false spacefull: true manualDeleteFileSeveralTimes: 0 cleanAtOnce: false
2021-08-28 14:37:33 WARN StoreScheduledThread1 - disk space will be full soon, but delete file failed.
2021-08-28 14:37:43 INFO StoreScheduledThread1 - physic disk maybe full soon, so reclaim space, -1.0
2021-08-28 14:37:43 INFO StoreScheduledThread1 - begin to delete before 120 hours file. timeup: false spacefull: true manualDeleteFileSeveralTimes: 0 cleanAtOnce: false
2021-08-28 14:37:43 WARN StoreScheduledThread1 - disk space will be full soon, but delete file failed.
2021-08-28 14:37:53 INFO StoreScheduledThread1 - physic disk maybe full soon, so reclaim space, -1.0
2021-08-28 14:37:53 INFO StoreScheduledThread1 - begin to delete before 120 hours file. timeup: false spacefull: true manualDeleteFileSeveralTimes: 0 cleanAtOnce: false
2021-08-28 14:37:53 WARN StoreScheduledThread1 - disk space will be full soon, but delete file failed.
2021-08-28 14:38:03 INFO StoreScheduledThread1 - physic disk maybe full soon, so reclaim space, -1.0
2021-08-28 14:38:03 INFO StoreScheduledThread1 - begin to delete before 120 hours file. timeup: false spacefull: true manualDeleteFileSeveralTimes: 0 cleanAtOnce: false
2021-08-28 14:38:03 WARN StoreScheduledThread1 - disk space will be full soon, but delete file failed.
2021-08-28 14:38:13 INFO StoreScheduledThread1 - physic disk maybe full soon, so reclaim space, -1.0
2021-08-28 14:38:13 INFO StoreScheduledThread1 - begin to delete before 120 hours file. timeup: false spacefull: true manualDeleteFileSeveralTimes: 0 cleanAtOnce: false
2021-08-28 14:38:13 WARN StoreScheduledThread1 - disk space will be full soon, but delete file failed.
2021-08-28 14:38:14 INFO StoreStatsService - [STORETPS] put_tps 0.0 get_found_tps 0.0 get_miss_tps 0.033352789126990745 get_transfered_tps 0.0
2021-08-28 14:38:14 INFO StoreStatsService - [PAGECACHERT] TotalPut 0, PutMessageDistributeTime [<=0ms]:0 [0~10ms]:0 [10~50ms]:0 [50~100ms]:0 [100~200ms]:0 [200~500ms]:0 [500ms~1s]:0 [1~2s]:0 [2~3s]:0 [3~4s]:0 [4~5s]:0 [5~10s]:0 [10s~]:0 
2021-08-28 14:38:23 INFO StoreScheduledThread1 - physic disk maybe full soon, so reclaim space, -1.0
2021-08-28 14:38:23 INFO StoreScheduledThread1 - begin to delete before 120 hours file. timeup: false spacefull: true manualDeleteFileSeveralTimes: 0 cleanAtOnce: false
2021-08-28 14:38:23 WARN StoreScheduledThread1 - disk space will be full soon, but delete file failed.
2021-08-28 14:38:33 INFO StoreScheduledThread1 - physic disk maybe full soon, so reclaim space, -1.0
2021-08-28 14:38:33 INFO StoreScheduledThread1 - begin to delete before 120 hours file. timeup: false spacefull: true manualDeleteFileSeveralTimes: 0 cleanAtOnce: false
2021-08-28 14:38:33 WARN StoreScheduledThread1 - disk space will be full soon, but delete file failed.
2021-08-28 14:38:43 INFO StoreScheduledThread1 - physic disk maybe full soon, so reclaim space, -1.0
2021-08-28 14:38:43 INFO StoreScheduledThread1 - begin to delete before 120 hours file. timeup: false spacefull: true manualDeleteFileSeveralTimes: 0 cleanAtOnce: false
2021-08-28 14:38:43 WARN StoreScheduledThread1 - disk space will be full soon, but delete file failed.
2021-08-28 14:38:53 INFO StoreScheduledThread1 - physic disk maybe full soon, so reclaim space, -1.0
2021-08-28 14:38:53 INFO StoreScheduledThread1 - begin to delete before 120 hours file. timeup: false spacefull: true manualDeleteFileSeveralTimes: 0 cleanAtOnce: false
2021-08-28 14:38:53 WARN StoreScheduledThread1 - disk space will be full soon, but delete file failed.
2021-08-28 14:39:03 INFO StoreScheduledThread1 - physic disk maybe full soon, so reclaim space, -1.0
2021-08-28 14:39:03 INFO StoreScheduledThread1 - begin to delete before 120 hours file. timeup: false spacefull: true manualDeleteFileSeveralTimes: 0 cleanAtOnce: false
2021-08-28 14:39:03 WARN StoreScheduledThread1 - disk space will be full soon, but delete file failed.
2021-08-28 14:39:13 INFO StoreScheduledThread1 - physic disk maybe full soon, so reclaim space, -1.0
2021-08-28 14:39:13 INFO StoreScheduledThread1 - begin to delete before 120 hours file. timeup: false spacefull: true manualDeleteFileSeveralTimes: 0 cleanAtOnce: false
2021-08-28 14:39:13 WARN StoreScheduledThread1 - disk space will be full soon, but delete file failed.
2021-08-28 14:39:15 INFO StoreStatsService - [STORETPS] put_tps 0.0 get_found_tps 0.0 get_miss_tps 0.03335334534053766 get_transfered_tps 0.0
2021-08-28 14:39:15 INFO StoreStatsService - [PAGECACHERT] TotalPut 0, PutMessageDistributeTime [<=0ms]:0 [0~10ms]:0 [10~50ms]:0 [50~100ms]:0 [100~200ms]:0 [200~500ms]:0 [500ms~1s]:0 [1~2s]:0 [2~3s]:0 [3~4s]:0 [4~5s]:0 [5~10s]:0 [10s~]:0 
2021-08-28 14:39:23 INFO StoreScheduledThread1 - physic disk maybe full soon, so reclaim space, -1.0
2021-08-28 14:39:23 INFO StoreScheduledThread1 - begin to delete before 120 hours file. timeup: false spacefull: true manualDeleteFileSeveralTimes: 0 cleanAtOnce: false
2021-08-28 14:39:23 WARN StoreScheduledThread1 - disk space will be full soon, but delete file failed.
2021-08-28 14:39:33 INFO StoreScheduledThread1 - physic disk maybe full soon, so reclaim space, -1.0
2021-08-28 14:39:33 INFO StoreScheduledThread1 - begin to delete before 120 hours file. timeup: false spacefull: true manualDeleteFileSeveralTimes: 0 cleanAtOnce: false
2021-08-28 14:39:33 WARN StoreScheduledThread1 - disk space will be full soon, but delete file failed.
2021-08-28 14:39:43 INFO StoreScheduledThread1 - physic disk maybe full soon, so reclaim space, -1.0
2021-08-28 14:39:43 INFO StoreScheduledThread1 - begin to delete before 120 hours file. timeup: false spacefull: true manualDeleteFileSeveralTimes: 0 cleanAtOnce: false
2021-08-28 14:39:43 WARN StoreScheduledThread1 - disk space will be full soon, but delete file failed.
2021-08-28 14:39:53 INFO StoreScheduledThread1 - physic disk maybe full soon, so reclaim space, -1.0
2021-08-28 14:39:53 INFO StoreScheduledThread1 - begin to delete before 120 hours file. timeup: false spacefull: true manualDeleteFileSeveralTimes: 0 cleanAtOnce: false
2021-08-28 14:39:53 WARN StoreScheduledThread1 - disk space will be full soon, but delete file failed.
2021-08-28 14:40:03 INFO StoreScheduledThread1 - physic disk maybe full soon, so reclaim space, -1.0
2021-08-28 14:40:03 INFO StoreScheduledThread1 - begin to delete before 120 hours file. timeup: false spacefull: true manualDeleteFileSeveralTimes: 0 cleanAtOnce: false
2021-08-28 14:40:03 WARN StoreScheduledThread1 - disk space will be full soon, but delete file failed.
2021-08-28 14:40:13 INFO StoreScheduledThread1 - physic disk maybe full soon, so reclaim space, -1.0
2021-08-28 14:40:13 INFO StoreScheduledThread1 - begin to delete before 120 hours file. timeup: false spacefull: true manualDeleteFileSeveralTimes: 0 cleanAtOnce: false
2021-08-28 14:40:13 WARN StoreScheduledThread1 - disk space will be full soon, but delete file failed.
2021-08-28 14:40:16 INFO StoreStatsService - [STORETPS] put_tps 0.0 get_found_tps 0.0 get_miss_tps 0.03335501409249346 get_transfered_tps 0.0
2021-08-28 14:40:16 INFO StoreStatsService - [PAGECACHERT] TotalPut 0, PutMessageDistributeTime [<=0ms]:0 [0~10ms]:0 [10~50ms]:0 [50~100ms]:0 [100~200ms]:0 [200~500ms]:0 [500ms~1s]:0 [1~2s]:0 [2~3s]:0 [3~4s]:0 [4~5s]:0 [5~10s]:0 [10s~]:0 
2021-08-28 14:40:23 INFO StoreScheduledThread1 - physic disk maybe full soon, so reclaim space, -1.0
2021-08-28 14:40:23 INFO StoreScheduledThread1 - begin to delete before 120 hours file. timeup: false spacefull: true manualDeleteFileSeveralTimes: 0 cleanAtOnce: false
2021-08-28 14:40:23 WARN StoreScheduledThread1 - disk space will be full soon, but delete file failed.
2021-08-28 14:40:33 INFO StoreScheduledThread1 - physic disk maybe full soon, so reclaim space, -1.0
2021-08-28 14:40:33 INFO StoreScheduledThread1 - begin to delete before 120 hours file. timeup: false spacefull: true manualDeleteFileSeveralTimes: 0 cleanAtOnce: false
2021-08-28 14:40:33 WARN StoreScheduledThread1 - disk space will be full soon, but delete file failed.
2021-08-28 14:40:43 INFO StoreScheduledThread1 - physic disk maybe full soon, so reclaim space, -1.0
2021-08-28 14:40:43 INFO StoreScheduledThread1 - begin to delete before 120 hours file. timeup: false spacefull: true manualDeleteFileSeveralTimes: 0 cleanAtOnce: false
2021-08-28 14:40:43 WARN StoreScheduledThread1 - disk space will be full soon, but delete file failed.
2021-08-28 14:40:53 INFO StoreScheduledThread1 - physic disk maybe full soon, so reclaim space, -1.0
2021-08-28 14:40:53 INFO StoreScheduledThread1 - begin to delete before 120 hours file. timeup: false spacefull: true manualDeleteFileSeveralTimes: 0 cleanAtOnce: false
2021-08-28 14:40:53 WARN StoreScheduledThread1 - disk space will be full soon, but delete file failed.
2021-08-28 14:41:03 INFO StoreScheduledThread1 - physic disk maybe full soon, so reclaim space, -1.0
2021-08-28 14:41:03 INFO StoreScheduledThread1 - begin to delete before 120 hours file. timeup: false spacefull: true manualDeleteFileSeveralTimes: 0 cleanAtOnce: false
2021-08-28 14:41:03 WARN StoreScheduledThread1 - disk space will be full soon, but delete file failed.
2021-08-28 14:41:13 INFO StoreScheduledThread1 - physic disk maybe full soon, so reclaim space, -1.0
2021-08-28 14:41:13 INFO StoreScheduledThread1 - begin to delete before 120 hours file. timeup: false spacefull: true manualDeleteFileSeveralTimes: 0 cleanAtOnce: false
2021-08-28 14:41:13 WARN StoreScheduledThread1 - disk space will be full soon, but delete file failed.
2021-08-28 14:41:16 INFO StoreStatsService - [STORETPS] put_tps 0.0 get_found_tps 0.0 get_miss_tps 0.033327223342387226 get_transfered_tps 0.0
2021-08-28 14:41:16 INFO StoreStatsService - [PAGECACHERT] TotalPut 0, PutMessageDistributeTime [<=0ms]:0 [0~10ms]:0 [10~50ms]:0 [50~100ms]:0 [100~200ms]:0 [200~500ms]:0 [500ms~1s]:0 [1~2s]:0 [2~3s]:0 [3~4s]:0 [4~5s]:0 [5~10s]:0 [10s~]:0 
2021-08-28 14:41:23 INFO StoreScheduledThread1 - physic disk maybe full soon, so reclaim space, -1.0
2021-08-28 14:41:23 INFO StoreScheduledThread1 - begin to delete before 120 hours file. timeup: false spacefull: true manualDeleteFileSeveralTimes: 0 cleanAtOnce: false
2021-08-28 14:41:23 WARN StoreScheduledThread1 - disk space will be full soon, but delete file failed.
2021-08-28 14:41:33 INFO StoreScheduledThread1 - physic disk maybe full soon, so reclaim space, -1.0
2021-08-28 14:41:33 INFO StoreScheduledThread1 - begin to delete before 120 hours file. timeup: false spacefull: true manualDeleteFileSeveralTimes: 0 cleanAtOnce: false
2021-08-28 14:41:33 WARN StoreScheduledThread1 - disk space will be full soon, but delete file failed.
2021-08-28 14:41:43 INFO StoreScheduledThread1 - physic disk maybe full soon, so reclaim space, -1.0
2021-08-28 14:41:43 INFO StoreScheduledThread1 - begin to delete before 120 hours file. timeup: false spacefull: true manualDeleteFileSeveralTimes: 0 cleanAtOnce: false
2021-08-28 14:41:43 WARN StoreScheduledThread1 - disk space will be full soon, but delete file failed.
2021-08-28 14:41:53 INFO StoreScheduledThread1 - physic disk maybe full soon, so reclaim space, -1.0
2021-08-28 14:41:53 INFO StoreScheduledThread1 - begin to delete before 120 hours file. timeup: false spacefull: true manualDeleteFileSeveralTimes: 0 cleanAtOnce: false
2021-08-28 14:41:53 WARN StoreScheduledThread1 - disk space will be full soon, but delete file failed.
2021-08-28 14:42:03 INFO StoreScheduledThread1 - physic disk maybe full soon, so reclaim space, -1.0
2021-08-28 14:42:03 INFO StoreScheduledThread1 - begin to delete before 120 hours file. timeup: false spacefull: true manualDeleteFileSeveralTimes: 0 cleanAtOnce: false
2021-08-28 14:42:03 WARN StoreScheduledThread1 - disk space will be full soon, but delete file failed.
2021-08-28 14:42:13 INFO StoreScheduledThread1 - physic disk maybe full soon, so reclaim space, -1.0
2021-08-28 14:42:13 INFO StoreScheduledThread1 - begin to delete before 120 hours file. timeup: false spacefull: true manualDeleteFileSeveralTimes: 0 cleanAtOnce: false
2021-08-28 14:42:13 WARN StoreScheduledThread1 - disk space will be full soon, but delete file failed.
2021-08-28 14:42:17 INFO StoreStatsService - [STORETPS] put_tps 0.0 get_found_tps 0.0 get_miss_tps 0.03335390157263646 get_transfered_tps 0.0
2021-08-28 14:42:17 INFO StoreStatsService - [PAGECACHERT] TotalPut 0, PutMessageDistributeTime [<=0ms]:0 [0~10ms]:0 [10~50ms]:0 [50~100ms]:0 [100~200ms]:0 [200~500ms]:0 [500ms~1s]:0 [1~2s]:0 [2~3s]:0 [3~4s]:0 [4~5s]:0 [5~10s]:0 [10s~]:0 
2021-08-28 14:42:23 INFO StoreScheduledThread1 - physic disk maybe full soon, so reclaim space, -1.0
2021-08-28 14:42:23 INFO StoreScheduledThread1 - begin to delete before 120 hours file. timeup: false spacefull: true manualDeleteFileSeveralTimes: 0 cleanAtOnce: false
2021-08-28 14:42:23 WARN StoreScheduledThread1 - disk space will be full soon, but delete file failed.
